07-Jun-2017 09:11:03.986 INFO [main] org.apache.catalina.core.AprLifecycleListener.init The APR based Apache Tomcat Native library which allows optimal performance in production environments was not found on the java.library.path: /usr/java/packages/lib/amd64:/usr/lib64:/lib64:/lib:/usr/lib
07-Jun-2017 09:11:04.103 INFO [main] org.apache.coyote.AbstractProtocol.init Initializing ProtocolHandler ["http-nio-8080"]
07-Jun-2017 09:11:04.111 INFO [main] org.apache.tomcat.util.net.NioSelectorPool.getSharedSelector Using a shared selector for servlet write/read
07-Jun-2017 09:11:04.112 INFO [main] org.apache.coyote.AbstractProtocol.init Initializing ProtocolHandler ["ajp-nio-8009"]
07-Jun-2017 09:11:04.113 INFO [main] org.apache.tomcat.util.net.NioSelectorPool.getSharedSelector Using a shared selector for servlet write/read
07-Jun-2017 09:11:04.114 INFO [main] org.apache.catalina.startup.Catalina.load Initialization processed in 286 ms
07-Jun-2017 09:11:04.127 INFO [main] org.apache.catalina.core.StandardService.startInternal Démarrage du service Catalina
07-Jun-2017 09:11:04.127 INFO [main] org.apache.catalina.core.StandardEngine.startInternal Starting Servlet Engine: Apache Tomcat/8.0.12
07-Jun-2017 09:11:04.133 INFO [localhost-startStop-1] org.apache.catalina.startup.HostConfig.deployDirectory Déploiement du répertoire /home/infoetu/barbetf/Documents/Agile/AgileS3/TFF/Code/Agile/src/hendek/tomcat8/webapps/ROOT de l'application web
07-Jun-2017 09:11:04.329 INFO [localhost-startStop-1] org.apache.jasper.servlet.TldScanner.scanJars At least one JAR was scanned for TLDs yet contained no TLDs. Enable debug logging for this logger for a complete list of JARs that were scanned but no TLDs were found in them. Skipping unneeded JARs during scanning can improve startup time and JSP compilation time.
07-Jun-2017 09:11:04.360 INFO [localhost-startStop-1] org.apache.catalina.startup.HostConfig.deployDirectory Deployment of web application directory /home/infoetu/barbetf/Documents/Agile/AgileS3/TFF/Code/Agile/src/hendek/tomcat8/webapps/ROOT has finished in 226 ms
07-Jun-2017 09:11:04.360 INFO [localhost-startStop-1] org.apache.catalina.startup.HostConfig.deployDirectory Déploiement du répertoire /home/infoetu/barbetf/Documents/Agile/AgileS3/TFF/Code/Agile/src/hendek/tomcat8/webapps/manager de l'application web
07-Jun-2017 09:11:04.451 INFO [localhost-startStop-1] org.apache.jasper.servlet.TldScanner.scanJars At least one JAR was scanned for TLDs yet contained no TLDs. Enable debug logging for this logger for a complete list of JARs that were scanned but no TLDs were found in them. Skipping unneeded JARs during scanning can improve startup time and JSP compilation time.
07-Jun-2017 09:11:04.455 INFO [localhost-startStop-1] org.apache.catalina.startup.HostConfig.deployDirectory Deployment of web application directory /home/infoetu/barbetf/Documents/Agile/AgileS3/TFF/Code/Agile/src/hendek/tomcat8/webapps/manager has finished in 95 ms
07-Jun-2017 09:11:04.455 INFO [localhost-startStop-1] org.apache.catalina.startup.HostConfig.deployDirectory Déploiement du répertoire /home/infoetu/barbetf/Documents/Agile/AgileS3/TFF/Code/Agile/src/hendek/tomcat8/webapps/host-manager de l'application web
07-Jun-2017 09:11:04.521 INFO [localhost-startStop-1] org.apache.jasper.servlet.TldScanner.scanJars At least one JAR was scanned for TLDs yet contained no TLDs. Enable debug logging for this logger for a complete list of JARs that were scanned but no TLDs were found in them. Skipping unneeded JARs during scanning can improve startup time and JSP compilation time.
07-Jun-2017 09:11:04.523 INFO [localhost-startStop-1] org.apache.catalina.startup.HostConfig.deployDirectory Deployment of web application directory /home/infoetu/barbetf/Documents/Agile/AgileS3/TFF/Code/Agile/src/hendek/tomcat8/webapps/host-manager has finished in 68 ms
07-Jun-2017 09:11:04.523 INFO [localhost-startStop-1] org.apache.catalina.startup.HostConfig.deployDirectory Déploiement du répertoire /home/infoetu/barbetf/Documents/Agile/AgileS3/TFF/Code/Agile/src/hendek/tomcat8/webapps/agile de l'application web
07-Jun-2017 09:11:04.590 INFO [localhost-startStop-1] org.apache.jasper.servlet.TldScanner.scanJars At least one JAR was scanned for TLDs yet contained no TLDs. Enable debug logging for this logger for a complete list of JARs that were scanned but no TLDs were found in them. Skipping unneeded JARs during scanning can improve startup time and JSP compilation time.
07-Jun-2017 09:11:04.593 INFO [localhost-startStop-1] org.apache.catalina.startup.HostConfig.deployDirectory Deployment of web application directory /home/infoetu/barbetf/Documents/Agile/AgileS3/TFF/Code/Agile/src/hendek/tomcat8/webapps/agile has finished in 70 ms
07-Jun-2017 09:11:04.595 INFO [main] org.apache.coyote.AbstractProtocol.start Starting ProtocolHandler ["http-nio-8080"]
07-Jun-2017 09:11:04.601 INFO [main] org.apache.coyote.AbstractProtocol.start Starting ProtocolHandler ["ajp-nio-8009"]
07-Jun-2017 09:11:04.601 INFO [main] org.apache.catalina.startup.Catalina.start Server startup in 487 ms
