05-May-2017 09:19:46.470 SEVERE [http-nio-8080-exec-7] org.apache.catalina.core.StandardWrapperValve.invoke Servlet.service() for servlet [jsp] in context with path [/vide] threw exception [Impossible de compiler la classe pour la JSP: 

Une erreur s'est produite à la ligne: 42 dans le fichier jsp: /jeu.jsp
Syntax error on token "else", finally expected
39: 			<p>vous avez joué : <%=game.getLastHumain()%> | ordi :<%=game.getLastOrdi()%></p>
40: 			<p>vous avez : <%=game.getPointsHumain()%> | ordi : <%=game.getPointsOrdi()%>	   </p>
41: <%		session.setAttribute("game",game);	
42: 		}else {
43: 
44: 			if(game.getLastHumain()-game.getLastOrdi()>0){
45: %>


Une erreur s'est produite à la ligne: 44 dans le fichier jsp: /jeu.jsp
game cannot be resolved
41: <%		session.setAttribute("game",game);	
42: 		}else {
43: 
44: 			if(game.getLastHumain()-game.getLastOrdi()>0){
45: %>
46: 				<h1>vous avez gagné</h1>
47: <%


Une erreur s'est produite à la ligne: 44 dans le fichier jsp: /jeu.jsp
game cannot be resolved
41: <%		session.setAttribute("game",game);	
42: 		}else {
43: 
44: 			if(game.getLastHumain()-game.getLastOrdi()>0){
45: %>
46: 				<h1>vous avez gagné</h1>
47: <%


An error occurred at line: [143] in the generated java file: [/home/infoetu/barbetf/tomcat8/work/Catalina/localhost/vide/org/apache/jsp/jeu_jsp.java]
Syntax error on token "catch", Identifier expected

An error occurred at line: [145] in the generated java file: [/home/infoetu/barbetf/tomcat8/work/Catalina/localhost/vide/org/apache/jsp/jeu_jsp.java]
out cannot be resolved to a variable

An error occurred at line: [145] in the generated java file: [/home/infoetu/barbetf/tomcat8/work/Catalina/localhost/vide/org/apache/jsp/jeu_jsp.java]
_jspx_out cannot be resolved to a variable

An error occurred at line: [146] in the generated java file: [/home/infoetu/barbetf/tomcat8/work/Catalina/localhost/vide/org/apache/jsp/jeu_jsp.java]
out cannot be resolved to a variable

An error occurred at line: [146] in the generated java file: [/home/infoetu/barbetf/tomcat8/work/Catalina/localhost/vide/org/apache/jsp/jeu_jsp.java]
out cannot be resolved

An error occurred at line: [148] in the generated java file: [/home/infoetu/barbetf/tomcat8/work/Catalina/localhost/vide/org/apache/jsp/jeu_jsp.java]
response cannot be resolved

An error occurred at line: [149] in the generated java file: [/home/infoetu/barbetf/tomcat8/work/Catalina/localhost/vide/org/apache/jsp/jeu_jsp.java]
out cannot be resolved

An error occurred at line: [151] in the generated java file: [/home/infoetu/barbetf/tomcat8/work/Catalina/localhost/vide/org/apache/jsp/jeu_jsp.java]
out cannot be resolved

An error occurred at line: [154] in the generated java file: [/home/infoetu/barbetf/tomcat8/work/Catalina/localhost/vide/org/apache/jsp/jeu_jsp.java]
_jspx_page_context cannot be resolved to a variable

An error occurred at line: [154] in the generated java file: [/home/infoetu/barbetf/tomcat8/work/Catalina/localhost/vide/org/apache/jsp/jeu_jsp.java]
_jspx_page_context cannot be resolved

An error occurred at line: [157] in the generated java file: [/home/infoetu/barbetf/tomcat8/work/Catalina/localhost/vide/org/apache/jsp/jeu_jsp.java]
Syntax error on token "finally", { expected

An error occurred at line: [158] in the generated java file: [/home/infoetu/barbetf/tomcat8/work/Catalina/localhost/vide/org/apache/jsp/jeu_jsp.java]
_jspx_page_context cannot be resolved to a variable

Stacktrace:] with root cause
 org.apache.jasper.JasperException: Impossible de compiler la classe pour la JSP: 

Une erreur s'est produite à la ligne: 42 dans le fichier jsp: /jeu.jsp
Syntax error on token "else", finally expected
39: 			<p>vous avez joué : <%=game.getLastHumain()%> | ordi :<%=game.getLastOrdi()%></p>
40: 			<p>vous avez : <%=game.getPointsHumain()%> | ordi : <%=game.getPointsOrdi()%>	   </p>
41: <%		session.setAttribute("game",game);	
42: 		}else {
43: 
44: 			if(game.getLastHumain()-game.getLastOrdi()>0){
45: %>


Une erreur s'est produite à la ligne: 44 dans le fichier jsp: /jeu.jsp
game cannot be resolved
41: <%		session.setAttribute("game",game);	
42: 		}else {
43: 
44: 			if(game.getLastHumain()-game.getLastOrdi()>0){
45: %>
46: 				<h1>vous avez gagné</h1>
47: <%


Une erreur s'est produite à la ligne: 44 dans le fichier jsp: /jeu.jsp
game cannot be resolved
41: <%		session.setAttribute("game",game);	
42: 		}else {
43: 
44: 			if(game.getLastHumain()-game.getLastOrdi()>0){
45: %>
46: 				<h1>vous avez gagné</h1>
47: <%


An error occurred at line: [143] in the generated java file: [/home/infoetu/barbetf/tomcat8/work/Catalina/localhost/vide/org/apache/jsp/jeu_jsp.java]
Syntax error on token "catch", Identifier expected

An error occurred at line: [145] in the generated java file: [/home/infoetu/barbetf/tomcat8/work/Catalina/localhost/vide/org/apache/jsp/jeu_jsp.java]
out cannot be resolved to a variable

An error occurred at line: [145] in the generated java file: [/home/infoetu/barbetf/tomcat8/work/Catalina/localhost/vide/org/apache/jsp/jeu_jsp.java]
_jspx_out cannot be resolved to a variable

An error occurred at line: [146] in the generated java file: [/home/infoetu/barbetf/tomcat8/work/Catalina/localhost/vide/org/apache/jsp/jeu_jsp.java]
out cannot be resolved to a variable

An error occurred at line: [146] in the generated java file: [/home/infoetu/barbetf/tomcat8/work/Catalina/localhost/vide/org/apache/jsp/jeu_jsp.java]
out cannot be resolved

An error occurred at line: [148] in the generated java file: [/home/infoetu/barbetf/tomcat8/work/Catalina/localhost/vide/org/apache/jsp/jeu_jsp.java]
response cannot be resolved

An error occurred at line: [149] in the generated java file: [/home/infoetu/barbetf/tomcat8/work/Catalina/localhost/vide/org/apache/jsp/jeu_jsp.java]
out cannot be resolved

An error occurred at line: [151] in the generated java file: [/home/infoetu/barbetf/tomcat8/work/Catalina/localhost/vide/org/apache/jsp/jeu_jsp.java]
out cannot be resolved

An error occurred at line: [154] in the generated java file: [/home/infoetu/barbetf/tomcat8/work/Catalina/localhost/vide/org/apache/jsp/jeu_jsp.java]
_jspx_page_context cannot be resolved to a variable

An error occurred at line: [154] in the generated java file: [/home/infoetu/barbetf/tomcat8/work/Catalina/localhost/vide/org/apache/jsp/jeu_jsp.java]
_jspx_page_context cannot be resolved

An error occurred at line: [157] in the generated java file: [/home/infoetu/barbetf/tomcat8/work/Catalina/localhost/vide/org/apache/jsp/jeu_jsp.java]
Syntax error on token "finally", { expected

An error occurred at line: [158] in the generated java file: [/home/infoetu/barbetf/tomcat8/work/Catalina/localhost/vide/org/apache/jsp/jeu_jsp.java]
_jspx_page_context cannot be resolved to a variable

Stacktrace:
	at org.apache.jasper.compiler.DefaultErrorHandler.javacError(DefaultErrorHandler.java:103)
	at org.apache.jasper.compiler.ErrorDispatcher.javacError(ErrorDispatcher.java:199)
	at org.apache.jasper.compiler.JDTCompiler.generateClass(JDTCompiler.java:446)
	at org.apache.jasper.compiler.Compiler.compile(Compiler.java:361)
	at org.apache.jasper.compiler.Compiler.compile(Compiler.java:336)
	at org.apache.jasper.compiler.Compiler.compile(Compiler.java:323)
	at org.apache.jasper.JspCompilationContext.compile(JspCompilationContext.java:564)
	at org.apache.jasper.servlet.JspServletWrapper.service(JspServletWrapper.java:357)
	at org.apache.jasper.servlet.JspServlet.serviceJspFile(JspServlet.java:391)
	at org.apache.jasper.servlet.JspServlet.service(JspServlet.java:335)
	at javax.servlet.http.HttpServlet.service(HttpServlet.java:725)
	at org.apache.catalina.core.ApplicationFilterChain.internalDoFilter(ApplicationFilterChain.java:291)
	at org.apache.catalina.core.ApplicationFilterChain.doFilter(ApplicationFilterChain.java:206)
	at org.apache.tomcat.websocket.server.WsFilter.doFilter(WsFilter.java:52)
	at org.apache.catalina.core.ApplicationFilterChain.internalDoFilter(ApplicationFilterChain.java:239)
	at org.apache.catalina.core.ApplicationFilterChain.doFilter(ApplicationFilterChain.java:206)
	at org.apache.catalina.core.StandardWrapperValve.invoke(StandardWrapperValve.java:219)
	at org.apache.catalina.core.StandardContextValve.invoke(StandardContextValve.java:106)
	at org.apache.catalina.authenticator.AuthenticatorBase.invoke(AuthenticatorBase.java:505)
	at org.apache.catalina.core.StandardHostValve.invoke(StandardHostValve.java:142)
	at org.apache.catalina.valves.ErrorReportValve.invoke(ErrorReportValve.java:79)
	at org.apache.catalina.valves.AbstractAccessLogValve.invoke(AbstractAccessLogValve.java:610)
	at org.apache.catalina.core.StandardEngineValve.invoke(StandardEngineValve.java:88)
	at org.apache.catalina.connector.CoyoteAdapter.service(CoyoteAdapter.java:534)
	at org.apache.coyote.http11.AbstractHttp11Processor.process(AbstractHttp11Processor.java:1081)
	at org.apache.coyote.AbstractProtocol$AbstractConnectionHandler.process(AbstractProtocol.java:658)
	at org.apache.coyote.http11.Http11NioProtocol$Http11ConnectionHandler.process(Http11NioProtocol.java:222)
	at org.apache.tomcat.util.net.NioEndpoint$SocketProcessor.doRun(NioEndpoint.java:1566)
	at org.apache.tomcat.util.net.NioEndpoint$SocketProcessor.run(NioEndpoint.java:1523)
	at java.util.concurrent.ThreadPoolExecutor.runWorker(ThreadPoolExecutor.java:1142)
	at java.util.concurrent.ThreadPoolExecutor$Worker.run(ThreadPoolExecutor.java:617)
	at org.apache.tomcat.util.threads.TaskThread$WrappingRunnable.run(TaskThread.java:61)
	at java.lang.Thread.run(Thread.java:745)

05-May-2017 09:20:16.485 SEVERE [http-nio-8080-exec-8] org.apache.catalina.core.StandardWrapperValve.invoke Servlet.service() for servlet [jsp] in context with path [/vide] threw exception [Impossible de compiler la classe pour la JSP: 

Une erreur s'est produite à la ligne: 34 dans le fichier jsp: /jeu.jsp
choix cannot be resolved to a variable
31: <p>					<a href="../jeu.jsp?choix='P'">Pile</a> ou	<a href="../jeu.jsp?choix='F'">Face</a> </p>
32: 
33: <%		
34: 		if(!game.termine()&&choix!=null){
35: 			String choice = sc.nextLine();
36: 			h=request.getParametter("choix");			
37: 			game.play(h);


Une erreur s'est produite à la ligne: 35 dans le fichier jsp: /jeu.jsp
sc cannot be resolved
32: 
33: <%		
34: 		if(!game.termine()&&choix!=null){
35: 			String choice = sc.nextLine();
36: 			h=request.getParametter("choix");			
37: 			game.play(h);
38: %>


Une erreur s'est produite à la ligne: 36 dans le fichier jsp: /jeu.jsp
The method getParametter(String) is undefined for the type HttpServletRequest
33: <%		
34: 		if(!game.termine()&&choix!=null){
35: 			String choice = sc.nextLine();
36: 			h=request.getParametter("choix");			
37: 			game.play(h);
38: %>
39: 			<p>vous avez joué : <%=game.getLastHumain()%> | ordi :<%=game.getLastOrdi()%></p>


Stacktrace:] with root cause
 org.apache.jasper.JasperException: Impossible de compiler la classe pour la JSP: 

Une erreur s'est produite à la ligne: 34 dans le fichier jsp: /jeu.jsp
choix cannot be resolved to a variable
31: <p>					<a href="../jeu.jsp?choix='P'">Pile</a> ou	<a href="../jeu.jsp?choix='F'">Face</a> </p>
32: 
33: <%		
34: 		if(!game.termine()&&choix!=null){
35: 			String choice = sc.nextLine();
36: 			h=request.getParametter("choix");			
37: 			game.play(h);


Une erreur s'est produite à la ligne: 35 dans le fichier jsp: /jeu.jsp
sc cannot be resolved
32: 
33: <%		
34: 		if(!game.termine()&&choix!=null){
35: 			String choice = sc.nextLine();
36: 			h=request.getParametter("choix");			
37: 			game.play(h);
38: %>


Une erreur s'est produite à la ligne: 36 dans le fichier jsp: /jeu.jsp
The method getParametter(String) is undefined for the type HttpServletRequest
33: <%		
34: 		if(!game.termine()&&choix!=null){
35: 			String choice = sc.nextLine();
36: 			h=request.getParametter("choix");			
37: 			game.play(h);
38: %>
39: 			<p>vous avez joué : <%=game.getLastHumain()%> | ordi :<%=game.getLastOrdi()%></p>


Stacktrace:
	at org.apache.jasper.compiler.DefaultErrorHandler.javacError(DefaultErrorHandler.java:103)
	at org.apache.jasper.compiler.ErrorDispatcher.javacError(ErrorDispatcher.java:199)
	at org.apache.jasper.compiler.JDTCompiler.generateClass(JDTCompiler.java:446)
	at org.apache.jasper.compiler.Compiler.compile(Compiler.java:361)
	at org.apache.jasper.compiler.Compiler.compile(Compiler.java:336)
	at org.apache.jasper.compiler.Compiler.compile(Compiler.java:323)
	at org.apache.jasper.JspCompilationContext.compile(JspCompilationContext.java:564)
	at org.apache.jasper.servlet.JspServletWrapper.service(JspServletWrapper.java:357)
	at org.apache.jasper.servlet.JspServlet.serviceJspFile(JspServlet.java:391)
	at org.apache.jasper.servlet.JspServlet.service(JspServlet.java:335)
	at javax.servlet.http.HttpServlet.service(HttpServlet.java:725)
	at org.apache.catalina.core.ApplicationFilterChain.internalDoFilter(ApplicationFilterChain.java:291)
	at org.apache.catalina.core.ApplicationFilterChain.doFilter(ApplicationFilterChain.java:206)
	at org.apache.tomcat.websocket.server.WsFilter.doFilter(WsFilter.java:52)
	at org.apache.catalina.core.ApplicationFilterChain.internalDoFilter(ApplicationFilterChain.java:239)
	at org.apache.catalina.core.ApplicationFilterChain.doFilter(ApplicationFilterChain.java:206)
	at org.apache.catalina.core.StandardWrapperValve.invoke(StandardWrapperValve.java:219)
	at org.apache.catalina.core.StandardContextValve.invoke(StandardContextValve.java:106)
	at org.apache.catalina.authenticator.AuthenticatorBase.invoke(AuthenticatorBase.java:505)
	at org.apache.catalina.core.StandardHostValve.invoke(StandardHostValve.java:142)
	at org.apache.catalina.valves.ErrorReportValve.invoke(ErrorReportValve.java:79)
	at org.apache.catalina.valves.AbstractAccessLogValve.invoke(AbstractAccessLogValve.java:610)
	at org.apache.catalina.core.StandardEngineValve.invoke(StandardEngineValve.java:88)
	at org.apache.catalina.connector.CoyoteAdapter.service(CoyoteAdapter.java:534)
	at org.apache.coyote.http11.AbstractHttp11Processor.process(AbstractHttp11Processor.java:1081)
	at org.apache.coyote.AbstractProtocol$AbstractConnectionHandler.process(AbstractProtocol.java:658)
	at org.apache.coyote.http11.Http11NioProtocol$Http11ConnectionHandler.process(Http11NioProtocol.java:222)
	at org.apache.tomcat.util.net.NioEndpoint$SocketProcessor.doRun(NioEndpoint.java:1566)
	at org.apache.tomcat.util.net.NioEndpoint$SocketProcessor.run(NioEndpoint.java:1523)
	at java.util.concurrent.ThreadPoolExecutor.runWorker(ThreadPoolExecutor.java:1142)
	at java.util.concurrent.ThreadPoolExecutor$Worker.run(ThreadPoolExecutor.java:617)
	at org.apache.tomcat.util.threads.TaskThread$WrappingRunnable.run(TaskThread.java:61)
	at java.lang.Thread.run(Thread.java:745)

05-May-2017 09:20:33.470 SEVERE [http-nio-8080-exec-9] org.apache.catalina.core.StandardWrapperValve.invoke Servlet.service() for servlet [jsp] in context with path [/vide] threw exception [Impossible de compiler la classe pour la JSP: 

Une erreur s'est produite à la ligne: 33 dans le fichier jsp: /jeu.jsp
choix cannot be resolved to a variable
30: %>
31: <p>					<a href="../jeu.jsp?choix='P'">Pile</a> ou	<a href="../jeu.jsp?choix='F'">Face</a> </p>
32: 
33: <%		if(!game.termine()&&choix!=null){
34: 			String choice = sc.nextLine();
35: 			h=request.getParametter("choix");			
36: 			game.play(h);


Une erreur s'est produite à la ligne: 34 dans le fichier jsp: /jeu.jsp
sc cannot be resolved
31: <p>					<a href="../jeu.jsp?choix='P'">Pile</a> ou	<a href="../jeu.jsp?choix='F'">Face</a> </p>
32: 
33: <%		if(!game.termine()&&choix!=null){
34: 			String choice = sc.nextLine();
35: 			h=request.getParametter("choix");			
36: 			game.play(h);
37: %>


Une erreur s'est produite à la ligne: 35 dans le fichier jsp: /jeu.jsp
The method getParametter(String) is undefined for the type HttpServletRequest
32: 
33: <%		if(!game.termine()&&choix!=null){
34: 			String choice = sc.nextLine();
35: 			h=request.getParametter("choix");			
36: 			game.play(h);
37: %>
38: 			<p>vous avez joué : <%=game.getLastHumain()%> | ordi :<%=game.getLastOrdi()%></p>


Stacktrace:] with root cause
 org.apache.jasper.JasperException: Impossible de compiler la classe pour la JSP: 

Une erreur s'est produite à la ligne: 33 dans le fichier jsp: /jeu.jsp
choix cannot be resolved to a variable
30: %>
31: <p>					<a href="../jeu.jsp?choix='P'">Pile</a> ou	<a href="../jeu.jsp?choix='F'">Face</a> </p>
32: 
33: <%		if(!game.termine()&&choix!=null){
34: 			String choice = sc.nextLine();
35: 			h=request.getParametter("choix");			
36: 			game.play(h);


Une erreur s'est produite à la ligne: 34 dans le fichier jsp: /jeu.jsp
sc cannot be resolved
31: <p>					<a href="../jeu.jsp?choix='P'">Pile</a> ou	<a href="../jeu.jsp?choix='F'">Face</a> </p>
32: 
33: <%		if(!game.termine()&&choix!=null){
34: 			String choice = sc.nextLine();
35: 			h=request.getParametter("choix");			
36: 			game.play(h);
37: %>


Une erreur s'est produite à la ligne: 35 dans le fichier jsp: /jeu.jsp
The method getParametter(String) is undefined for the type HttpServletRequest
32: 
33: <%		if(!game.termine()&&choix!=null){
34: 			String choice = sc.nextLine();
35: 			h=request.getParametter("choix");			
36: 			game.play(h);
37: %>
38: 			<p>vous avez joué : <%=game.getLastHumain()%> | ordi :<%=game.getLastOrdi()%></p>


Stacktrace:
	at org.apache.jasper.compiler.DefaultErrorHandler.javacError(DefaultErrorHandler.java:103)
	at org.apache.jasper.compiler.ErrorDispatcher.javacError(ErrorDispatcher.java:199)
	at org.apache.jasper.compiler.JDTCompiler.generateClass(JDTCompiler.java:446)
	at org.apache.jasper.compiler.Compiler.compile(Compiler.java:361)
	at org.apache.jasper.compiler.Compiler.compile(Compiler.java:336)
	at org.apache.jasper.compiler.Compiler.compile(Compiler.java:323)
	at org.apache.jasper.JspCompilationContext.compile(JspCompilationContext.java:564)
	at org.apache.jasper.servlet.JspServletWrapper.service(JspServletWrapper.java:357)
	at org.apache.jasper.servlet.JspServlet.serviceJspFile(JspServlet.java:391)
	at org.apache.jasper.servlet.JspServlet.service(JspServlet.java:335)
	at javax.servlet.http.HttpServlet.service(HttpServlet.java:725)
	at org.apache.catalina.core.ApplicationFilterChain.internalDoFilter(ApplicationFilterChain.java:291)
	at org.apache.catalina.core.ApplicationFilterChain.doFilter(ApplicationFilterChain.java:206)
	at org.apache.tomcat.websocket.server.WsFilter.doFilter(WsFilter.java:52)
	at org.apache.catalina.core.ApplicationFilterChain.internalDoFilter(ApplicationFilterChain.java:239)
	at org.apache.catalina.core.ApplicationFilterChain.doFilter(ApplicationFilterChain.java:206)
	at org.apache.catalina.core.StandardWrapperValve.invoke(StandardWrapperValve.java:219)
	at org.apache.catalina.core.StandardContextValve.invoke(StandardContextValve.java:106)
	at org.apache.catalina.authenticator.AuthenticatorBase.invoke(AuthenticatorBase.java:505)
	at org.apache.catalina.core.StandardHostValve.invoke(StandardHostValve.java:142)
	at org.apache.catalina.valves.ErrorReportValve.invoke(ErrorReportValve.java:79)
	at org.apache.catalina.valves.AbstractAccessLogValve.invoke(AbstractAccessLogValve.java:610)
	at org.apache.catalina.core.StandardEngineValve.invoke(StandardEngineValve.java:88)
	at org.apache.catalina.connector.CoyoteAdapter.service(CoyoteAdapter.java:534)
	at org.apache.coyote.http11.AbstractHttp11Processor.process(AbstractHttp11Processor.java:1081)
	at org.apache.coyote.AbstractProtocol$AbstractConnectionHandler.process(AbstractProtocol.java:658)
	at org.apache.coyote.http11.Http11NioProtocol$Http11ConnectionHandler.process(Http11NioProtocol.java:222)
	at org.apache.tomcat.util.net.NioEndpoint$SocketProcessor.doRun(NioEndpoint.java:1566)
	at org.apache.tomcat.util.net.NioEndpoint$SocketProcessor.run(NioEndpoint.java:1523)
	at java.util.concurrent.ThreadPoolExecutor.runWorker(ThreadPoolExecutor.java:1142)
	at java.util.concurrent.ThreadPoolExecutor$Worker.run(ThreadPoolExecutor.java:617)
	at org.apache.tomcat.util.threads.TaskThread$WrappingRunnable.run(TaskThread.java:61)
	at java.lang.Thread.run(Thread.java:745)

05-May-2017 09:20:47.936 SEVERE [http-nio-8080-exec-10] org.apache.catalina.core.StandardWrapperValve.invoke Servlet.service() for servlet [jsp] in context with path [/vide] threw exception [Impossible de compiler la classe pour la JSP: 

Une erreur s'est produite à la ligne: 34 dans le fichier jsp: /jeu.jsp
choix cannot be resolved to a variable
31: <p>					<a href="../jeu.jsp?choix='P'">Pile</a> ou	<a href="../jeu.jsp?choix='F'">Face</a> </p>
32: 
33: <%		
34: if(!game.termine()&&choix!=null){
35: 			String choice = sc.nextLine();
36: 			h=request.getParametter("choix");			
37: 			game.play(h);


Une erreur s'est produite à la ligne: 35 dans le fichier jsp: /jeu.jsp
sc cannot be resolved
32: 
33: <%		
34: if(!game.termine()&&choix!=null){
35: 			String choice = sc.nextLine();
36: 			h=request.getParametter("choix");			
37: 			game.play(h);
38: %>


Une erreur s'est produite à la ligne: 36 dans le fichier jsp: /jeu.jsp
The method getParametter(String) is undefined for the type HttpServletRequest
33: <%		
34: if(!game.termine()&&choix!=null){
35: 			String choice = sc.nextLine();
36: 			h=request.getParametter("choix");			
37: 			game.play(h);
38: %>
39: 			<p>vous avez joué : <%=game.getLastHumain()%> | ordi :<%=game.getLastOrdi()%></p>


Stacktrace:] with root cause
 org.apache.jasper.JasperException: Impossible de compiler la classe pour la JSP: 

Une erreur s'est produite à la ligne: 34 dans le fichier jsp: /jeu.jsp
choix cannot be resolved to a variable
31: <p>					<a href="../jeu.jsp?choix='P'">Pile</a> ou	<a href="../jeu.jsp?choix='F'">Face</a> </p>
32: 
33: <%		
34: if(!game.termine()&&choix!=null){
35: 			String choice = sc.nextLine();
36: 			h=request.getParametter("choix");			
37: 			game.play(h);


Une erreur s'est produite à la ligne: 35 dans le fichier jsp: /jeu.jsp
sc cannot be resolved
32: 
33: <%		
34: if(!game.termine()&&choix!=null){
35: 			String choice = sc.nextLine();
36: 			h=request.getParametter("choix");			
37: 			game.play(h);
38: %>


Une erreur s'est produite à la ligne: 36 dans le fichier jsp: /jeu.jsp
The method getParametter(String) is undefined for the type HttpServletRequest
33: <%		
34: if(!game.termine()&&choix!=null){
35: 			String choice = sc.nextLine();
36: 			h=request.getParametter("choix");			
37: 			game.play(h);
38: %>
39: 			<p>vous avez joué : <%=game.getLastHumain()%> | ordi :<%=game.getLastOrdi()%></p>


Stacktrace:
	at org.apache.jasper.compiler.DefaultErrorHandler.javacError(DefaultErrorHandler.java:103)
	at org.apache.jasper.compiler.ErrorDispatcher.javacError(ErrorDispatcher.java:199)
	at org.apache.jasper.compiler.JDTCompiler.generateClass(JDTCompiler.java:446)
	at org.apache.jasper.compiler.Compiler.compile(Compiler.java:361)
	at org.apache.jasper.compiler.Compiler.compile(Compiler.java:336)
	at org.apache.jasper.compiler.Compiler.compile(Compiler.java:323)
	at org.apache.jasper.JspCompilationContext.compile(JspCompilationContext.java:564)
	at org.apache.jasper.servlet.JspServletWrapper.service(JspServletWrapper.java:357)
	at org.apache.jasper.servlet.JspServlet.serviceJspFile(JspServlet.java:391)
	at org.apache.jasper.servlet.JspServlet.service(JspServlet.java:335)
	at javax.servlet.http.HttpServlet.service(HttpServlet.java:725)
	at org.apache.catalina.core.ApplicationFilterChain.internalDoFilter(ApplicationFilterChain.java:291)
	at org.apache.catalina.core.ApplicationFilterChain.doFilter(ApplicationFilterChain.java:206)
	at org.apache.tomcat.websocket.server.WsFilter.doFilter(WsFilter.java:52)
	at org.apache.catalina.core.ApplicationFilterChain.internalDoFilter(ApplicationFilterChain.java:239)
	at org.apache.catalina.core.ApplicationFilterChain.doFilter(ApplicationFilterChain.java:206)
	at org.apache.catalina.core.StandardWrapperValve.invoke(StandardWrapperValve.java:219)
	at org.apache.catalina.core.StandardContextValve.invoke(StandardContextValve.java:106)
	at org.apache.catalina.authenticator.AuthenticatorBase.invoke(AuthenticatorBase.java:505)
	at org.apache.catalina.core.StandardHostValve.invoke(StandardHostValve.java:142)
	at org.apache.catalina.valves.ErrorReportValve.invoke(ErrorReportValve.java:79)
	at org.apache.catalina.valves.AbstractAccessLogValve.invoke(AbstractAccessLogValve.java:610)
	at org.apache.catalina.core.StandardEngineValve.invoke(StandardEngineValve.java:88)
	at org.apache.catalina.connector.CoyoteAdapter.service(CoyoteAdapter.java:534)
	at org.apache.coyote.http11.AbstractHttp11Processor.process(AbstractHttp11Processor.java:1081)
	at org.apache.coyote.AbstractProtocol$AbstractConnectionHandler.process(AbstractProtocol.java:658)
	at org.apache.coyote.http11.Http11NioProtocol$Http11ConnectionHandler.process(Http11NioProtocol.java:222)
	at org.apache.tomcat.util.net.NioEndpoint$SocketProcessor.doRun(NioEndpoint.java:1566)
	at org.apache.tomcat.util.net.NioEndpoint$SocketProcessor.run(NioEndpoint.java:1523)
	at java.util.concurrent.ThreadPoolExecutor.runWorker(ThreadPoolExecutor.java:1142)
	at java.util.concurrent.ThreadPoolExecutor$Worker.run(ThreadPoolExecutor.java:617)
	at org.apache.tomcat.util.threads.TaskThread$WrappingRunnable.run(TaskThread.java:61)
	at java.lang.Thread.run(Thread.java:745)

05-May-2017 09:21:54.706 SEVERE [http-nio-8080-exec-1] org.apache.catalina.core.StandardWrapperValve.invoke Servlet.service() for servlet [jsp] in context with path [/vide] threw exception [Impossible de compiler la classe pour la JSP: 

Une erreur s'est produite à la ligne: 36 dans le fichier jsp: /jeu.jsp
sc cannot be resolved
33: <%		
34: 		String choix=request.getParameter("choix");
35: 		if(!game.termine()&&choix!=null){
36: 			String choice = sc.nextLine();
37: 			h=request.getParametter("choix");			
38: 			game.play(h);
39: %>


Une erreur s'est produite à la ligne: 37 dans le fichier jsp: /jeu.jsp
The method getParametter(String) is undefined for the type HttpServletRequest
34: 		String choix=request.getParameter("choix");
35: 		if(!game.termine()&&choix!=null){
36: 			String choice = sc.nextLine();
37: 			h=request.getParametter("choix");			
38: 			game.play(h);
39: %>
40: 			<p>vous avez joué : <%=game.getLastHumain()%> | ordi :<%=game.getLastOrdi()%></p>


Stacktrace:] with root cause
 org.apache.jasper.JasperException: Impossible de compiler la classe pour la JSP: 

Une erreur s'est produite à la ligne: 36 dans le fichier jsp: /jeu.jsp
sc cannot be resolved
33: <%		
34: 		String choix=request.getParameter("choix");
35: 		if(!game.termine()&&choix!=null){
36: 			String choice = sc.nextLine();
37: 			h=request.getParametter("choix");			
38: 			game.play(h);
39: %>


Une erreur s'est produite à la ligne: 37 dans le fichier jsp: /jeu.jsp
The method getParametter(String) is undefined for the type HttpServletRequest
34: 		String choix=request.getParameter("choix");
35: 		if(!game.termine()&&choix!=null){
36: 			String choice = sc.nextLine();
37: 			h=request.getParametter("choix");			
38: 			game.play(h);
39: %>
40: 			<p>vous avez joué : <%=game.getLastHumain()%> | ordi :<%=game.getLastOrdi()%></p>


Stacktrace:
	at org.apache.jasper.compiler.DefaultErrorHandler.javacError(DefaultErrorHandler.java:103)
	at org.apache.jasper.compiler.ErrorDispatcher.javacError(ErrorDispatcher.java:199)
	at org.apache.jasper.compiler.JDTCompiler.generateClass(JDTCompiler.java:446)
	at org.apache.jasper.compiler.Compiler.compile(Compiler.java:361)
	at org.apache.jasper.compiler.Compiler.compile(Compiler.java:336)
	at org.apache.jasper.compiler.Compiler.compile(Compiler.java:323)
	at org.apache.jasper.JspCompilationContext.compile(JspCompilationContext.java:564)
	at org.apache.jasper.servlet.JspServletWrapper.service(JspServletWrapper.java:357)
	at org.apache.jasper.servlet.JspServlet.serviceJspFile(JspServlet.java:391)
	at org.apache.jasper.servlet.JspServlet.service(JspServlet.java:335)
	at javax.servlet.http.HttpServlet.service(HttpServlet.java:725)
	at org.apache.catalina.core.ApplicationFilterChain.internalDoFilter(ApplicationFilterChain.java:291)
	at org.apache.catalina.core.ApplicationFilterChain.doFilter(ApplicationFilterChain.java:206)
	at org.apache.tomcat.websocket.server.WsFilter.doFilter(WsFilter.java:52)
	at org.apache.catalina.core.ApplicationFilterChain.internalDoFilter(ApplicationFilterChain.java:239)
	at org.apache.catalina.core.ApplicationFilterChain.doFilter(ApplicationFilterChain.java:206)
	at org.apache.catalina.core.StandardWrapperValve.invoke(StandardWrapperValve.java:219)
	at org.apache.catalina.core.StandardContextValve.invoke(StandardContextValve.java:106)
	at org.apache.catalina.authenticator.AuthenticatorBase.invoke(AuthenticatorBase.java:505)
	at org.apache.catalina.core.StandardHostValve.invoke(StandardHostValve.java:142)
	at org.apache.catalina.valves.ErrorReportValve.invoke(ErrorReportValve.java:79)
	at org.apache.catalina.valves.AbstractAccessLogValve.invoke(AbstractAccessLogValve.java:610)
	at org.apache.catalina.core.StandardEngineValve.invoke(StandardEngineValve.java:88)
	at org.apache.catalina.connector.CoyoteAdapter.service(CoyoteAdapter.java:534)
	at org.apache.coyote.http11.AbstractHttp11Processor.process(AbstractHttp11Processor.java:1081)
	at org.apache.coyote.AbstractProtocol$AbstractConnectionHandler.process(AbstractProtocol.java:658)
	at org.apache.coyote.http11.Http11NioProtocol$Http11ConnectionHandler.process(Http11NioProtocol.java:222)
	at org.apache.tomcat.util.net.NioEndpoint$SocketProcessor.doRun(NioEndpoint.java:1566)
	at org.apache.tomcat.util.net.NioEndpoint$SocketProcessor.run(NioEndpoint.java:1523)
	at java.util.concurrent.ThreadPoolExecutor.runWorker(ThreadPoolExecutor.java:1142)
	at java.util.concurrent.ThreadPoolExecutor$Worker.run(ThreadPoolExecutor.java:617)
	at org.apache.tomcat.util.threads.TaskThread$WrappingRunnable.run(TaskThread.java:61)
	at java.lang.Thread.run(Thread.java:745)

05-May-2017 09:23:21.463 SEVERE [http-nio-8080-exec-2] org.apache.catalina.core.StandardWrapperValve.invoke Servlet.service() for servlet [jsp] in context with path [/vide] threw exception [Impossible de compiler la classe pour la JSP: 

Une erreur s'est produite à la ligne: 34 dans le fichier jsp: /jeu.jsp
Duplicate local variable h
31: <p>					<a href="../jeu.jsp?choix='P'">Pile</a> ou	<a href="../jeu.jsp?choix='F'">Face</a> </p>
32: 
33: <%		
34: 		char h='F';
35: 		String choix=request.getParameter("choix");
36: 		if(!game.termine()&&choix!=null){
37: 			h=request.getParametter("choix");			


Une erreur s'est produite à la ligne: 37 dans le fichier jsp: /jeu.jsp
The method getParametter(String) is undefined for the type HttpServletRequest
34: 		char h='F';
35: 		String choix=request.getParameter("choix");
36: 		if(!game.termine()&&choix!=null){
37: 			h=request.getParametter("choix");			
38: 			game.play(h);
39: %>
40: 			<p>vous avez joué : <%=game.getLastHumain()%> | ordi :<%=game.getLastOrdi()%></p>


Stacktrace:] with root cause
 org.apache.jasper.JasperException: Impossible de compiler la classe pour la JSP: 

Une erreur s'est produite à la ligne: 34 dans le fichier jsp: /jeu.jsp
Duplicate local variable h
31: <p>					<a href="../jeu.jsp?choix='P'">Pile</a> ou	<a href="../jeu.jsp?choix='F'">Face</a> </p>
32: 
33: <%		
34: 		char h='F';
35: 		String choix=request.getParameter("choix");
36: 		if(!game.termine()&&choix!=null){
37: 			h=request.getParametter("choix");			


Une erreur s'est produite à la ligne: 37 dans le fichier jsp: /jeu.jsp
The method getParametter(String) is undefined for the type HttpServletRequest
34: 		char h='F';
35: 		String choix=request.getParameter("choix");
36: 		if(!game.termine()&&choix!=null){
37: 			h=request.getParametter("choix");			
38: 			game.play(h);
39: %>
40: 			<p>vous avez joué : <%=game.getLastHumain()%> | ordi :<%=game.getLastOrdi()%></p>


Stacktrace:
	at org.apache.jasper.compiler.DefaultErrorHandler.javacError(DefaultErrorHandler.java:103)
	at org.apache.jasper.compiler.ErrorDispatcher.javacError(ErrorDispatcher.java:199)
	at org.apache.jasper.compiler.JDTCompiler.generateClass(JDTCompiler.java:446)
	at org.apache.jasper.compiler.Compiler.compile(Compiler.java:361)
	at org.apache.jasper.compiler.Compiler.compile(Compiler.java:336)
	at org.apache.jasper.compiler.Compiler.compile(Compiler.java:323)
	at org.apache.jasper.JspCompilationContext.compile(JspCompilationContext.java:564)
	at org.apache.jasper.servlet.JspServletWrapper.service(JspServletWrapper.java:357)
	at org.apache.jasper.servlet.JspServlet.serviceJspFile(JspServlet.java:391)
	at org.apache.jasper.servlet.JspServlet.service(JspServlet.java:335)
	at javax.servlet.http.HttpServlet.service(HttpServlet.java:725)
	at org.apache.catalina.core.ApplicationFilterChain.internalDoFilter(ApplicationFilterChain.java:291)
	at org.apache.catalina.core.ApplicationFilterChain.doFilter(ApplicationFilterChain.java:206)
	at org.apache.tomcat.websocket.server.WsFilter.doFilter(WsFilter.java:52)
	at org.apache.catalina.core.ApplicationFilterChain.internalDoFilter(ApplicationFilterChain.java:239)
	at org.apache.catalina.core.ApplicationFilterChain.doFilter(ApplicationFilterChain.java:206)
	at org.apache.catalina.core.StandardWrapperValve.invoke(StandardWrapperValve.java:219)
	at org.apache.catalina.core.StandardContextValve.invoke(StandardContextValve.java:106)
	at org.apache.catalina.authenticator.AuthenticatorBase.invoke(AuthenticatorBase.java:505)
	at org.apache.catalina.core.StandardHostValve.invoke(StandardHostValve.java:142)
	at org.apache.catalina.valves.ErrorReportValve.invoke(ErrorReportValve.java:79)
	at org.apache.catalina.valves.AbstractAccessLogValve.invoke(AbstractAccessLogValve.java:610)
	at org.apache.catalina.core.StandardEngineValve.invoke(StandardEngineValve.java:88)
	at org.apache.catalina.connector.CoyoteAdapter.service(CoyoteAdapter.java:534)
	at org.apache.coyote.http11.AbstractHttp11Processor.process(AbstractHttp11Processor.java:1081)
	at org.apache.coyote.AbstractProtocol$AbstractConnectionHandler.process(AbstractProtocol.java:658)
	at org.apache.coyote.http11.Http11NioProtocol$Http11ConnectionHandler.process(Http11NioProtocol.java:222)
	at org.apache.tomcat.util.net.NioEndpoint$SocketProcessor.doRun(NioEndpoint.java:1566)
	at org.apache.tomcat.util.net.NioEndpoint$SocketProcessor.run(NioEndpoint.java:1523)
	at java.util.concurrent.ThreadPoolExecutor.runWorker(ThreadPoolExecutor.java:1142)
	at java.util.concurrent.ThreadPoolExecutor$Worker.run(ThreadPoolExecutor.java:617)
	at org.apache.tomcat.util.threads.TaskThread$WrappingRunnable.run(TaskThread.java:61)
	at java.lang.Thread.run(Thread.java:745)

05-May-2017 09:23:22.211 SEVERE [http-nio-8080-exec-3] org.apache.catalina.core.StandardWrapperValve.invoke Servlet.service() for servlet [jsp] in context with path [/vide] threw exception [java.lang.ClassNotFoundException: org.apache.jsp.jeu_jsp] with root cause
 java.lang.ClassNotFoundException: org.apache.jsp.jeu_jsp
	at java.net.URLClassLoader.findClass(URLClassLoader.java:381)
	at org.apache.jasper.servlet.JasperLoader.loadClass(JasperLoader.java:131)
	at org.apache.jasper.servlet.JasperLoader.loadClass(JasperLoader.java:62)
	at org.apache.catalina.core.DefaultInstanceManager.newInstance(DefaultInstanceManager.java:159)
	at org.apache.jasper.servlet.JspServletWrapper.getServlet(JspServletWrapper.java:172)
	at org.apache.jasper.servlet.JspServletWrapper.service(JspServletWrapper.java:369)
	at org.apache.jasper.servlet.JspServlet.serviceJspFile(JspServlet.java:391)
	at org.apache.jasper.servlet.JspServlet.service(JspServlet.java:335)
	at javax.servlet.http.HttpServlet.service(HttpServlet.java:725)
	at org.apache.catalina.core.ApplicationFilterChain.internalDoFilter(ApplicationFilterChain.java:291)
	at org.apache.catalina.core.ApplicationFilterChain.doFilter(ApplicationFilterChain.java:206)
	at org.apache.tomcat.websocket.server.WsFilter.doFilter(WsFilter.java:52)
	at org.apache.catalina.core.ApplicationFilterChain.internalDoFilter(ApplicationFilterChain.java:239)
	at org.apache.catalina.core.ApplicationFilterChain.doFilter(ApplicationFilterChain.java:206)
	at org.apache.catalina.core.StandardWrapperValve.invoke(StandardWrapperValve.java:219)
	at org.apache.catalina.core.StandardContextValve.invoke(StandardContextValve.java:106)
	at org.apache.catalina.authenticator.AuthenticatorBase.invoke(AuthenticatorBase.java:505)
	at org.apache.catalina.core.StandardHostValve.invoke(StandardHostValve.java:142)
	at org.apache.catalina.valves.ErrorReportValve.invoke(ErrorReportValve.java:79)
	at org.apache.catalina.valves.AbstractAccessLogValve.invoke(AbstractAccessLogValve.java:610)
	at org.apache.catalina.core.StandardEngineValve.invoke(StandardEngineValve.java:88)
	at org.apache.catalina.connector.CoyoteAdapter.service(CoyoteAdapter.java:534)
	at org.apache.coyote.http11.AbstractHttp11Processor.process(AbstractHttp11Processor.java:1081)
	at org.apache.coyote.AbstractProtocol$AbstractConnectionHandler.process(AbstractProtocol.java:658)
	at org.apache.coyote.http11.Http11NioProtocol$Http11ConnectionHandler.process(Http11NioProtocol.java:222)
	at org.apache.tomcat.util.net.NioEndpoint$SocketProcessor.doRun(NioEndpoint.java:1566)
	at org.apache.tomcat.util.net.NioEndpoint$SocketProcessor.run(NioEndpoint.java:1523)
	at java.util.concurrent.ThreadPoolExecutor.runWorker(ThreadPoolExecutor.java:1142)
	at java.util.concurrent.ThreadPoolExecutor$Worker.run(ThreadPoolExecutor.java:617)
	at org.apache.tomcat.util.threads.TaskThread$WrappingRunnable.run(TaskThread.java:61)
	at java.lang.Thread.run(Thread.java:745)

05-May-2017 09:23:23.420 SEVERE [http-nio-8080-exec-4] org.apache.catalina.core.StandardWrapperValve.invoke Servlet.service() for servlet [jsp] in context with path [/vide] threw exception [java.lang.ClassNotFoundException: org.apache.jsp.jeu_jsp] with root cause
 java.lang.ClassNotFoundException: org.apache.jsp.jeu_jsp
	at java.net.URLClassLoader.findClass(URLClassLoader.java:381)
	at org.apache.jasper.servlet.JasperLoader.loadClass(JasperLoader.java:131)
	at org.apache.jasper.servlet.JasperLoader.loadClass(JasperLoader.java:62)
	at org.apache.catalina.core.DefaultInstanceManager.newInstance(DefaultInstanceManager.java:159)
	at org.apache.jasper.servlet.JspServletWrapper.getServlet(JspServletWrapper.java:172)
	at org.apache.jasper.servlet.JspServletWrapper.service(JspServletWrapper.java:369)
	at org.apache.jasper.servlet.JspServlet.serviceJspFile(JspServlet.java:391)
	at org.apache.jasper.servlet.JspServlet.service(JspServlet.java:335)
	at javax.servlet.http.HttpServlet.service(HttpServlet.java:725)
	at org.apache.catalina.core.ApplicationFilterChain.internalDoFilter(ApplicationFilterChain.java:291)
	at org.apache.catalina.core.ApplicationFilterChain.doFilter(ApplicationFilterChain.java:206)
	at org.apache.tomcat.websocket.server.WsFilter.doFilter(WsFilter.java:52)
	at org.apache.catalina.core.ApplicationFilterChain.internalDoFilter(ApplicationFilterChain.java:239)
	at org.apache.catalina.core.ApplicationFilterChain.doFilter(ApplicationFilterChain.java:206)
	at org.apache.catalina.core.StandardWrapperValve.invoke(StandardWrapperValve.java:219)
	at org.apache.catalina.core.StandardContextValve.invoke(StandardContextValve.java:106)
	at org.apache.catalina.authenticator.AuthenticatorBase.invoke(AuthenticatorBase.java:505)
	at org.apache.catalina.core.StandardHostValve.invoke(StandardHostValve.java:142)
	at org.apache.catalina.valves.ErrorReportValve.invoke(ErrorReportValve.java:79)
	at org.apache.catalina.valves.AbstractAccessLogValve.invoke(AbstractAccessLogValve.java:610)
	at org.apache.catalina.core.StandardEngineValve.invoke(StandardEngineValve.java:88)
	at org.apache.catalina.connector.CoyoteAdapter.service(CoyoteAdapter.java:534)
	at org.apache.coyote.http11.AbstractHttp11Processor.process(AbstractHttp11Processor.java:1081)
	at org.apache.coyote.AbstractProtocol$AbstractConnectionHandler.process(AbstractProtocol.java:658)
	at org.apache.coyote.http11.Http11NioProtocol$Http11ConnectionHandler.process(Http11NioProtocol.java:222)
	at org.apache.tomcat.util.net.NioEndpoint$SocketProcessor.doRun(NioEndpoint.java:1566)
	at org.apache.tomcat.util.net.NioEndpoint$SocketProcessor.run(NioEndpoint.java:1523)
	at java.util.concurrent.ThreadPoolExecutor.runWorker(ThreadPoolExecutor.java:1142)
	at java.util.concurrent.ThreadPoolExecutor$Worker.run(ThreadPoolExecutor.java:617)
	at org.apache.tomcat.util.threads.TaskThread$WrappingRunnable.run(TaskThread.java:61)
	at java.lang.Thread.run(Thread.java:745)

05-May-2017 09:23:31.754 SEVERE [http-nio-8080-exec-5] org.apache.catalina.core.StandardWrapperValve.invoke Servlet.service() for servlet [jsp] in context with path [/vide] threw exception [Impossible de compiler la classe pour la JSP: 

Une erreur s'est produite à la ligne: 34 dans le fichier jsp: /jeu.jsp
Duplicate local variable h
31: <p>					<a href="../jeu.jsp?choix='P'">Pile</a> ou	<a href="../jeu.jsp?choix='F'">Face</a> </p>
32: 
33: <%		
34: 		char h='F';
35: 		String choix=request.getParameter("choix");
36: 		if(!game.termine()&&choix!=null){
37: 			h=request.getParametter("choix");			


Une erreur s'est produite à la ligne: 37 dans le fichier jsp: /jeu.jsp
The method getParametter(String) is undefined for the type HttpServletRequest
34: 		char h='F';
35: 		String choix=request.getParameter("choix");
36: 		if(!game.termine()&&choix!=null){
37: 			h=request.getParametter("choix");			
38: 			game.play(h);
39: %>
40: 			<p>vous avez joué : <%=game.getLastHumain()%> | ordi :<%=game.getLastOrdi()%></p>


Stacktrace:] with root cause
 org.apache.jasper.JasperException: Impossible de compiler la classe pour la JSP: 

Une erreur s'est produite à la ligne: 34 dans le fichier jsp: /jeu.jsp
Duplicate local variable h
31: <p>					<a href="../jeu.jsp?choix='P'">Pile</a> ou	<a href="../jeu.jsp?choix='F'">Face</a> </p>
32: 
33: <%		
34: 		char h='F';
35: 		String choix=request.getParameter("choix");
36: 		if(!game.termine()&&choix!=null){
37: 			h=request.getParametter("choix");			


Une erreur s'est produite à la ligne: 37 dans le fichier jsp: /jeu.jsp
The method getParametter(String) is undefined for the type HttpServletRequest
34: 		char h='F';
35: 		String choix=request.getParameter("choix");
36: 		if(!game.termine()&&choix!=null){
37: 			h=request.getParametter("choix");			
38: 			game.play(h);
39: %>
40: 			<p>vous avez joué : <%=game.getLastHumain()%> | ordi :<%=game.getLastOrdi()%></p>


Stacktrace:
	at org.apache.jasper.compiler.DefaultErrorHandler.javacError(DefaultErrorHandler.java:103)
	at org.apache.jasper.compiler.ErrorDispatcher.javacError(ErrorDispatcher.java:199)
	at org.apache.jasper.compiler.JDTCompiler.generateClass(JDTCompiler.java:446)
	at org.apache.jasper.compiler.Compiler.compile(Compiler.java:361)
	at org.apache.jasper.compiler.Compiler.compile(Compiler.java:336)
	at org.apache.jasper.compiler.Compiler.compile(Compiler.java:323)
	at org.apache.jasper.JspCompilationContext.compile(JspCompilationContext.java:564)
	at org.apache.jasper.servlet.JspServletWrapper.service(JspServletWrapper.java:357)
	at org.apache.jasper.servlet.JspServlet.serviceJspFile(JspServlet.java:391)
	at org.apache.jasper.servlet.JspServlet.service(JspServlet.java:335)
	at javax.servlet.http.HttpServlet.service(HttpServlet.java:725)
	at org.apache.catalina.core.ApplicationFilterChain.internalDoFilter(ApplicationFilterChain.java:291)
	at org.apache.catalina.core.ApplicationFilterChain.doFilter(ApplicationFilterChain.java:206)
	at org.apache.tomcat.websocket.server.WsFilter.doFilter(WsFilter.java:52)
	at org.apache.catalina.core.ApplicationFilterChain.internalDoFilter(ApplicationFilterChain.java:239)
	at org.apache.catalina.core.ApplicationFilterChain.doFilter(ApplicationFilterChain.java:206)
	at org.apache.catalina.core.StandardWrapperValve.invoke(StandardWrapperValve.java:219)
	at org.apache.catalina.core.StandardContextValve.invoke(StandardContextValve.java:106)
	at org.apache.catalina.authenticator.AuthenticatorBase.invoke(AuthenticatorBase.java:505)
	at org.apache.catalina.core.StandardHostValve.invoke(StandardHostValve.java:142)
	at org.apache.catalina.valves.ErrorReportValve.invoke(ErrorReportValve.java:79)
	at org.apache.catalina.valves.AbstractAccessLogValve.invoke(AbstractAccessLogValve.java:610)
	at org.apache.catalina.core.StandardEngineValve.invoke(StandardEngineValve.java:88)
	at org.apache.catalina.connector.CoyoteAdapter.service(CoyoteAdapter.java:534)
	at org.apache.coyote.http11.AbstractHttp11Processor.process(AbstractHttp11Processor.java:1081)
	at org.apache.coyote.AbstractProtocol$AbstractConnectionHandler.process(AbstractProtocol.java:658)
	at org.apache.coyote.http11.Http11NioProtocol$Http11ConnectionHandler.process(Http11NioProtocol.java:222)
	at org.apache.tomcat.util.net.NioEndpoint$SocketProcessor.doRun(NioEndpoint.java:1566)
	at org.apache.tomcat.util.net.NioEndpoint$SocketProcessor.run(NioEndpoint.java:1523)
	at java.util.concurrent.ThreadPoolExecutor.runWorker(ThreadPoolExecutor.java:1142)
	at java.util.concurrent.ThreadPoolExecutor$Worker.run(ThreadPoolExecutor.java:617)
	at org.apache.tomcat.util.threads.TaskThread$WrappingRunnable.run(TaskThread.java:61)
	at java.lang.Thread.run(Thread.java:745)

05-May-2017 09:23:57.967 SEVERE [http-nio-8080-exec-6] org.apache.catalina.core.StandardWrapperValve.invoke Servlet.service() for servlet [jsp] in context with path [/vide] threw exception [Impossible de compiler la classe pour la JSP: 

Une erreur s'est produite à la ligne: 37 dans le fichier jsp: /jeu.jsp
The method chartAt(int) is undefined for the type String
34: 
35: 		String choix=request.getParameter("choix");
36: 		if(!game.termine()&&choix!=null){
37: 			h=choix.chartAt(0);			
38: 			game.play(h);
39: %>
40: 			<p>vous avez joué : <%=game.getLastHumain()%> | ordi :<%=game.getLastOrdi()%></p>


Stacktrace:] with root cause
 org.apache.jasper.JasperException: Impossible de compiler la classe pour la JSP: 

Une erreur s'est produite à la ligne: 37 dans le fichier jsp: /jeu.jsp
The method chartAt(int) is undefined for the type String
34: 
35: 		String choix=request.getParameter("choix");
36: 		if(!game.termine()&&choix!=null){
37: 			h=choix.chartAt(0);			
38: 			game.play(h);
39: %>
40: 			<p>vous avez joué : <%=game.getLastHumain()%> | ordi :<%=game.getLastOrdi()%></p>


Stacktrace:
	at org.apache.jasper.compiler.DefaultErrorHandler.javacError(DefaultErrorHandler.java:103)
	at org.apache.jasper.compiler.ErrorDispatcher.javacError(ErrorDispatcher.java:199)
	at org.apache.jasper.compiler.JDTCompiler.generateClass(JDTCompiler.java:446)
	at org.apache.jasper.compiler.Compiler.compile(Compiler.java:361)
	at org.apache.jasper.compiler.Compiler.compile(Compiler.java:336)
	at org.apache.jasper.compiler.Compiler.compile(Compiler.java:323)
	at org.apache.jasper.JspCompilationContext.compile(JspCompilationContext.java:564)
	at org.apache.jasper.servlet.JspServletWrapper.service(JspServletWrapper.java:357)
	at org.apache.jasper.servlet.JspServlet.serviceJspFile(JspServlet.java:391)
	at org.apache.jasper.servlet.JspServlet.service(JspServlet.java:335)
	at javax.servlet.http.HttpServlet.service(HttpServlet.java:725)
	at org.apache.catalina.core.ApplicationFilterChain.internalDoFilter(ApplicationFilterChain.java:291)
	at org.apache.catalina.core.ApplicationFilterChain.doFilter(ApplicationFilterChain.java:206)
	at org.apache.tomcat.websocket.server.WsFilter.doFilter(WsFilter.java:52)
	at org.apache.catalina.core.ApplicationFilterChain.internalDoFilter(ApplicationFilterChain.java:239)
	at org.apache.catalina.core.ApplicationFilterChain.doFilter(ApplicationFilterChain.java:206)
	at org.apache.catalina.core.StandardWrapperValve.invoke(StandardWrapperValve.java:219)
	at org.apache.catalina.core.StandardContextValve.invoke(StandardContextValve.java:106)
	at org.apache.catalina.authenticator.AuthenticatorBase.invoke(AuthenticatorBase.java:505)
	at org.apache.catalina.core.StandardHostValve.invoke(StandardHostValve.java:142)
	at org.apache.catalina.valves.ErrorReportValve.invoke(ErrorReportValve.java:79)
	at org.apache.catalina.valves.AbstractAccessLogValve.invoke(AbstractAccessLogValve.java:610)
	at org.apache.catalina.core.StandardEngineValve.invoke(StandardEngineValve.java:88)
	at org.apache.catalina.connector.CoyoteAdapter.service(CoyoteAdapter.java:534)
	at org.apache.coyote.http11.AbstractHttp11Processor.process(AbstractHttp11Processor.java:1081)
	at org.apache.coyote.AbstractProtocol$AbstractConnectionHandler.process(AbstractProtocol.java:658)
	at org.apache.coyote.http11.Http11NioProtocol$Http11ConnectionHandler.process(Http11NioProtocol.java:222)
	at org.apache.tomcat.util.net.NioEndpoint$SocketProcessor.doRun(NioEndpoint.java:1566)
	at org.apache.tomcat.util.net.NioEndpoint$SocketProcessor.run(NioEndpoint.java:1523)
	at java.util.concurrent.ThreadPoolExecutor.runWorker(ThreadPoolExecutor.java:1142)
	at java.util.concurrent.ThreadPoolExecutor$Worker.run(ThreadPoolExecutor.java:617)
	at org.apache.tomcat.util.threads.TaskThread$WrappingRunnable.run(TaskThread.java:61)
	at java.lang.Thread.run(Thread.java:745)

05-May-2017 09:25:09.321 SEVERE [http-nio-8080-exec-7] org.apache.catalina.core.StandardWrapperValve.invoke Servlet.service() for servlet [jsp] in context with path [/vide] threw exception [Impossible de compiler la classe pour la JSP: 

Une erreur s'est produite à la ligne: 35 dans le fichier jsp: /jeu.jsp
Type mismatch: cannot convert from String to char
32: 
33: <%		
34: 
35: 		char choix=request.getParameter("choix");
36: 		if(!game.termine()&&choix!=null){
37: 			h=choix;
38: 			game.play(h);


Une erreur s'est produite à la ligne: 36 dans le fichier jsp: /jeu.jsp
The operator != is undefined for the argument type(s) char, null
33: <%		
34: 
35: 		char choix=request.getParameter("choix");
36: 		if(!game.termine()&&choix!=null){
37: 			h=choix;
38: 			game.play(h);
39: %>


Stacktrace:] with root cause
 org.apache.jasper.JasperException: Impossible de compiler la classe pour la JSP: 

Une erreur s'est produite à la ligne: 35 dans le fichier jsp: /jeu.jsp
Type mismatch: cannot convert from String to char
32: 
33: <%		
34: 
35: 		char choix=request.getParameter("choix");
36: 		if(!game.termine()&&choix!=null){
37: 			h=choix;
38: 			game.play(h);


Une erreur s'est produite à la ligne: 36 dans le fichier jsp: /jeu.jsp
The operator != is undefined for the argument type(s) char, null
33: <%		
34: 
35: 		char choix=request.getParameter("choix");
36: 		if(!game.termine()&&choix!=null){
37: 			h=choix;
38: 			game.play(h);
39: %>


Stacktrace:
	at org.apache.jasper.compiler.DefaultErrorHandler.javacError(DefaultErrorHandler.java:103)
	at org.apache.jasper.compiler.ErrorDispatcher.javacError(ErrorDispatcher.java:199)
	at org.apache.jasper.compiler.JDTCompiler.generateClass(JDTCompiler.java:446)
	at org.apache.jasper.compiler.Compiler.compile(Compiler.java:361)
	at org.apache.jasper.compiler.Compiler.compile(Compiler.java:336)
	at org.apache.jasper.compiler.Compiler.compile(Compiler.java:323)
	at org.apache.jasper.JspCompilationContext.compile(JspCompilationContext.java:564)
	at org.apache.jasper.servlet.JspServletWrapper.service(JspServletWrapper.java:357)
	at org.apache.jasper.servlet.JspServlet.serviceJspFile(JspServlet.java:391)
	at org.apache.jasper.servlet.JspServlet.service(JspServlet.java:335)
	at javax.servlet.http.HttpServlet.service(HttpServlet.java:725)
	at org.apache.catalina.core.ApplicationFilterChain.internalDoFilter(ApplicationFilterChain.java:291)
	at org.apache.catalina.core.ApplicationFilterChain.doFilter(ApplicationFilterChain.java:206)
	at org.apache.tomcat.websocket.server.WsFilter.doFilter(WsFilter.java:52)
	at org.apache.catalina.core.ApplicationFilterChain.internalDoFilter(ApplicationFilterChain.java:239)
	at org.apache.catalina.core.ApplicationFilterChain.doFilter(ApplicationFilterChain.java:206)
	at org.apache.catalina.core.StandardWrapperValve.invoke(StandardWrapperValve.java:219)
	at org.apache.catalina.core.StandardContextValve.invoke(StandardContextValve.java:106)
	at org.apache.catalina.authenticator.AuthenticatorBase.invoke(AuthenticatorBase.java:505)
	at org.apache.catalina.core.StandardHostValve.invoke(StandardHostValve.java:142)
	at org.apache.catalina.valves.ErrorReportValve.invoke(ErrorReportValve.java:79)
	at org.apache.catalina.valves.AbstractAccessLogValve.invoke(AbstractAccessLogValve.java:610)
	at org.apache.catalina.core.StandardEngineValve.invoke(StandardEngineValve.java:88)
	at org.apache.catalina.connector.CoyoteAdapter.service(CoyoteAdapter.java:534)
	at org.apache.coyote.http11.AbstractHttp11Processor.process(AbstractHttp11Processor.java:1081)
	at org.apache.coyote.AbstractProtocol$AbstractConnectionHandler.process(AbstractProtocol.java:658)
	at org.apache.coyote.http11.Http11NioProtocol$Http11ConnectionHandler.process(Http11NioProtocol.java:222)
	at org.apache.tomcat.util.net.NioEndpoint$SocketProcessor.doRun(NioEndpoint.java:1566)
	at org.apache.tomcat.util.net.NioEndpoint$SocketProcessor.run(NioEndpoint.java:1523)
	at java.util.concurrent.ThreadPoolExecutor.runWorker(ThreadPoolExecutor.java:1142)
	at java.util.concurrent.ThreadPoolExecutor$Worker.run(ThreadPoolExecutor.java:617)
	at org.apache.tomcat.util.threads.TaskThread$WrappingRunnable.run(TaskThread.java:61)
	at java.lang.Thread.run(Thread.java:745)

05-May-2017 09:25:25.077 SEVERE [http-nio-8080-exec-8] org.apache.catalina.core.StandardWrapperValve.invoke Servlet.service() for servlet [jsp] in context with path [/vide] threw exception [Impossible de compiler la classe pour la JSP: 

Une erreur s'est produite à la ligne: 37 dans le fichier jsp: /jeu.jsp
The method chartAt(int) is undefined for the type String
34: 
35: 		String choix=request.getParameter("choix");
36: 		if(!game.termine()&&choix!=null){
37: 			h=choix.chartAt(0);			
38: 			game.play(h);
39: %>
40: 			<p>vous avez joué : <%=game.getLastHumain()%> | ordi :<%=game.getLastOrdi()%></p>


Stacktrace:] with root cause
 org.apache.jasper.JasperException: Impossible de compiler la classe pour la JSP: 

Une erreur s'est produite à la ligne: 37 dans le fichier jsp: /jeu.jsp
The method chartAt(int) is undefined for the type String
34: 
35: 		String choix=request.getParameter("choix");
36: 		if(!game.termine()&&choix!=null){
37: 			h=choix.chartAt(0);			
38: 			game.play(h);
39: %>
40: 			<p>vous avez joué : <%=game.getLastHumain()%> | ordi :<%=game.getLastOrdi()%></p>


Stacktrace:
	at org.apache.jasper.compiler.DefaultErrorHandler.javacError(DefaultErrorHandler.java:103)
	at org.apache.jasper.compiler.ErrorDispatcher.javacError(ErrorDispatcher.java:199)
	at org.apache.jasper.compiler.JDTCompiler.generateClass(JDTCompiler.java:446)
	at org.apache.jasper.compiler.Compiler.compile(Compiler.java:361)
	at org.apache.jasper.compiler.Compiler.compile(Compiler.java:336)
	at org.apache.jasper.compiler.Compiler.compile(Compiler.java:323)
	at org.apache.jasper.JspCompilationContext.compile(JspCompilationContext.java:564)
	at org.apache.jasper.servlet.JspServletWrapper.service(JspServletWrapper.java:357)
	at org.apache.jasper.servlet.JspServlet.serviceJspFile(JspServlet.java:391)
	at org.apache.jasper.servlet.JspServlet.service(JspServlet.java:335)
	at javax.servlet.http.HttpServlet.service(HttpServlet.java:725)
	at org.apache.catalina.core.ApplicationFilterChain.internalDoFilter(ApplicationFilterChain.java:291)
	at org.apache.catalina.core.ApplicationFilterChain.doFilter(ApplicationFilterChain.java:206)
	at org.apache.tomcat.websocket.server.WsFilter.doFilter(WsFilter.java:52)
	at org.apache.catalina.core.ApplicationFilterChain.internalDoFilter(ApplicationFilterChain.java:239)
	at org.apache.catalina.core.ApplicationFilterChain.doFilter(ApplicationFilterChain.java:206)
	at org.apache.catalina.core.StandardWrapperValve.invoke(StandardWrapperValve.java:219)
	at org.apache.catalina.core.StandardContextValve.invoke(StandardContextValve.java:106)
	at org.apache.catalina.authenticator.AuthenticatorBase.invoke(AuthenticatorBase.java:505)
	at org.apache.catalina.core.StandardHostValve.invoke(StandardHostValve.java:142)
	at org.apache.catalina.valves.ErrorReportValve.invoke(ErrorReportValve.java:79)
	at org.apache.catalina.valves.AbstractAccessLogValve.invoke(AbstractAccessLogValve.java:610)
	at org.apache.catalina.core.StandardEngineValve.invoke(StandardEngineValve.java:88)
	at org.apache.catalina.connector.CoyoteAdapter.service(CoyoteAdapter.java:534)
	at org.apache.coyote.http11.AbstractHttp11Processor.process(AbstractHttp11Processor.java:1081)
	at org.apache.coyote.AbstractProtocol$AbstractConnectionHandler.process(AbstractProtocol.java:658)
	at org.apache.coyote.http11.Http11NioProtocol$Http11ConnectionHandler.process(Http11NioProtocol.java:222)
	at org.apache.tomcat.util.net.NioEndpoint$SocketProcessor.doRun(NioEndpoint.java:1566)
	at org.apache.tomcat.util.net.NioEndpoint$SocketProcessor.run(NioEndpoint.java:1523)
	at java.util.concurrent.ThreadPoolExecutor.runWorker(ThreadPoolExecutor.java:1142)
	at java.util.concurrent.ThreadPoolExecutor$Worker.run(ThreadPoolExecutor.java:617)
	at org.apache.tomcat.util.threads.TaskThread$WrappingRunnable.run(TaskThread.java:61)
	at java.lang.Thread.run(Thread.java:745)

05-May-2017 09:26:38.320 SEVERE [http-nio-8080-exec-9] org.apache.catalina.core.StandardWrapperValve.invoke Servlet.service() for servlet [jsp] in context with path [/vide] threw exception [An exception occurred processing JSP page /jeu.jsp at line 45

42: <%		session.setAttribute("game",game);	
43: 		}else {
44: 
45: 			if(game.getLastHumain()-game.getLastOrdi()>0){
46: %>
47: 				<h1>vous avez gagné</h1>
48: <%


Stacktrace:] with root cause
 java.lang.ArrayIndexOutOfBoundsException: -1
	at java.util.ArrayList.elementData(ArrayList.java:418)
	at java.util.ArrayList.get(ArrayList.java:431)
	at metier.JeuPileOuFace.getLastHumain(JeuPileOuFace.java:30)
	at org.apache.jsp.jeu_jsp._jspService(jeu_jsp.java:124)
	at org.apache.jasper.runtime.HttpJspBase.service(HttpJspBase.java:70)
	at javax.servlet.http.HttpServlet.service(HttpServlet.java:725)
	at org.apache.jasper.servlet.JspServletWrapper.service(JspServletWrapper.java:432)
	at org.apache.jasper.servlet.JspServlet.serviceJspFile(JspServlet.java:391)
	at org.apache.jasper.servlet.JspServlet.service(JspServlet.java:335)
	at javax.servlet.http.HttpServlet.service(HttpServlet.java:725)
	at org.apache.catalina.core.ApplicationFilterChain.internalDoFilter(ApplicationFilterChain.java:291)
	at org.apache.catalina.core.ApplicationFilterChain.doFilter(ApplicationFilterChain.java:206)
	at org.apache.tomcat.websocket.server.WsFilter.doFilter(WsFilter.java:52)
	at org.apache.catalina.core.ApplicationFilterChain.internalDoFilter(ApplicationFilterChain.java:239)
	at org.apache.catalina.core.ApplicationFilterChain.doFilter(ApplicationFilterChain.java:206)
	at org.apache.catalina.core.StandardWrapperValve.invoke(StandardWrapperValve.java:219)
	at org.apache.catalina.core.StandardContextValve.invoke(StandardContextValve.java:106)
	at org.apache.catalina.authenticator.AuthenticatorBase.invoke(AuthenticatorBase.java:505)
	at org.apache.catalina.core.StandardHostValve.invoke(StandardHostValve.java:142)
	at org.apache.catalina.valves.ErrorReportValve.invoke(ErrorReportValve.java:79)
	at org.apache.catalina.valves.AbstractAccessLogValve.invoke(AbstractAccessLogValve.java:610)
	at org.apache.catalina.core.StandardEngineValve.invoke(StandardEngineValve.java:88)
	at org.apache.catalina.connector.CoyoteAdapter.service(CoyoteAdapter.java:534)
	at org.apache.coyote.http11.AbstractHttp11Processor.process(AbstractHttp11Processor.java:1081)
	at org.apache.coyote.AbstractProtocol$AbstractConnectionHandler.process(AbstractProtocol.java:658)
	at org.apache.coyote.http11.Http11NioProtocol$Http11ConnectionHandler.process(Http11NioProtocol.java:222)
	at org.apache.tomcat.util.net.NioEndpoint$SocketProcessor.doRun(NioEndpoint.java:1566)
	at org.apache.tomcat.util.net.NioEndpoint$SocketProcessor.run(NioEndpoint.java:1523)
	at java.util.concurrent.ThreadPoolExecutor.runWorker(ThreadPoolExecutor.java:1142)
	at java.util.concurrent.ThreadPoolExecutor$Worker.run(ThreadPoolExecutor.java:617)
	at org.apache.tomcat.util.threads.TaskThread$WrappingRunnable.run(TaskThread.java:61)
	at java.lang.Thread.run(Thread.java:745)

05-May-2017 09:26:39.257 SEVERE [http-nio-8080-exec-10] org.apache.catalina.core.StandardWrapperValve.invoke Servlet.service() for servlet [jsp] in context with path [/vide] threw exception [An exception occurred processing JSP page /jeu.jsp at line 45

42: <%		session.setAttribute("game",game);	
43: 		}else {
44: 
45: 			if(game.getLastHumain()-game.getLastOrdi()>0){
46: %>
47: 				<h1>vous avez gagné</h1>
48: <%


Stacktrace:] with root cause
 java.lang.ArrayIndexOutOfBoundsException: -1
	at java.util.ArrayList.elementData(ArrayList.java:418)
	at java.util.ArrayList.get(ArrayList.java:431)
	at metier.JeuPileOuFace.getLastHumain(JeuPileOuFace.java:30)
	at org.apache.jsp.jeu_jsp._jspService(jeu_jsp.java:124)
	at org.apache.jasper.runtime.HttpJspBase.service(HttpJspBase.java:70)
	at javax.servlet.http.HttpServlet.service(HttpServlet.java:725)
	at org.apache.jasper.servlet.JspServletWrapper.service(JspServletWrapper.java:432)
	at org.apache.jasper.servlet.JspServlet.serviceJspFile(JspServlet.java:391)
	at org.apache.jasper.servlet.JspServlet.service(JspServlet.java:335)
	at javax.servlet.http.HttpServlet.service(HttpServlet.java:725)
	at org.apache.catalina.core.ApplicationFilterChain.internalDoFilter(ApplicationFilterChain.java:291)
	at org.apache.catalina.core.ApplicationFilterChain.doFilter(ApplicationFilterChain.java:206)
	at org.apache.tomcat.websocket.server.WsFilter.doFilter(WsFilter.java:52)
	at org.apache.catalina.core.ApplicationFilterChain.internalDoFilter(ApplicationFilterChain.java:239)
	at org.apache.catalina.core.ApplicationFilterChain.doFilter(ApplicationFilterChain.java:206)
	at org.apache.catalina.core.StandardWrapperValve.invoke(StandardWrapperValve.java:219)
	at org.apache.catalina.core.StandardContextValve.invoke(StandardContextValve.java:106)
	at org.apache.catalina.authenticator.AuthenticatorBase.invoke(AuthenticatorBase.java:505)
	at org.apache.catalina.core.StandardHostValve.invoke(StandardHostValve.java:142)
	at org.apache.catalina.valves.ErrorReportValve.invoke(ErrorReportValve.java:79)
	at org.apache.catalina.valves.AbstractAccessLogValve.invoke(AbstractAccessLogValve.java:610)
	at org.apache.catalina.core.StandardEngineValve.invoke(StandardEngineValve.java:88)
	at org.apache.catalina.connector.CoyoteAdapter.service(CoyoteAdapter.java:534)
	at org.apache.coyote.http11.AbstractHttp11Processor.process(AbstractHttp11Processor.java:1081)
	at org.apache.coyote.AbstractProtocol$AbstractConnectionHandler.process(AbstractProtocol.java:658)
	at org.apache.coyote.http11.Http11NioProtocol$Http11ConnectionHandler.process(Http11NioProtocol.java:222)
	at org.apache.tomcat.util.net.NioEndpoint$SocketProcessor.doRun(NioEndpoint.java:1566)
	at org.apache.tomcat.util.net.NioEndpoint$SocketProcessor.run(NioEndpoint.java:1523)
	at java.util.concurrent.ThreadPoolExecutor.runWorker(ThreadPoolExecutor.java:1142)
	at java.util.concurrent.ThreadPoolExecutor$Worker.run(ThreadPoolExecutor.java:617)
	at org.apache.tomcat.util.threads.TaskThread$WrappingRunnable.run(TaskThread.java:61)
	at java.lang.Thread.run(Thread.java:745)

05-May-2017 09:26:40.200 SEVERE [http-nio-8080-exec-1] org.apache.catalina.core.StandardWrapperValve.invoke Servlet.service() for servlet [jsp] in context with path [/vide] threw exception [An exception occurred processing JSP page /jeu.jsp at line 45

42: <%		session.setAttribute("game",game);	
43: 		}else {
44: 
45: 			if(game.getLastHumain()-game.getLastOrdi()>0){
46: %>
47: 				<h1>vous avez gagné</h1>
48: <%


Stacktrace:] with root cause
 java.lang.ArrayIndexOutOfBoundsException: -1
	at java.util.ArrayList.elementData(ArrayList.java:418)
	at java.util.ArrayList.get(ArrayList.java:431)
	at metier.JeuPileOuFace.getLastHumain(JeuPileOuFace.java:30)
	at org.apache.jsp.jeu_jsp._jspService(jeu_jsp.java:124)
	at org.apache.jasper.runtime.HttpJspBase.service(HttpJspBase.java:70)
	at javax.servlet.http.HttpServlet.service(HttpServlet.java:725)
	at org.apache.jasper.servlet.JspServletWrapper.service(JspServletWrapper.java:432)
	at org.apache.jasper.servlet.JspServlet.serviceJspFile(JspServlet.java:391)
	at org.apache.jasper.servlet.JspServlet.service(JspServlet.java:335)
	at javax.servlet.http.HttpServlet.service(HttpServlet.java:725)
	at org.apache.catalina.core.ApplicationFilterChain.internalDoFilter(ApplicationFilterChain.java:291)
	at org.apache.catalina.core.ApplicationFilterChain.doFilter(ApplicationFilterChain.java:206)
	at org.apache.tomcat.websocket.server.WsFilter.doFilter(WsFilter.java:52)
	at org.apache.catalina.core.ApplicationFilterChain.internalDoFilter(ApplicationFilterChain.java:239)
	at org.apache.catalina.core.ApplicationFilterChain.doFilter(ApplicationFilterChain.java:206)
	at org.apache.catalina.core.StandardWrapperValve.invoke(StandardWrapperValve.java:219)
	at org.apache.catalina.core.StandardContextValve.invoke(StandardContextValve.java:106)
	at org.apache.catalina.authenticator.AuthenticatorBase.invoke(AuthenticatorBase.java:505)
	at org.apache.catalina.core.StandardHostValve.invoke(StandardHostValve.java:142)
	at org.apache.catalina.valves.ErrorReportValve.invoke(ErrorReportValve.java:79)
	at org.apache.catalina.valves.AbstractAccessLogValve.invoke(AbstractAccessLogValve.java:610)
	at org.apache.catalina.core.StandardEngineValve.invoke(StandardEngineValve.java:88)
	at org.apache.catalina.connector.CoyoteAdapter.service(CoyoteAdapter.java:534)
	at org.apache.coyote.http11.AbstractHttp11Processor.process(AbstractHttp11Processor.java:1081)
	at org.apache.coyote.AbstractProtocol$AbstractConnectionHandler.process(AbstractProtocol.java:658)
	at org.apache.coyote.http11.Http11NioProtocol$Http11ConnectionHandler.process(Http11NioProtocol.java:222)
	at org.apache.tomcat.util.net.NioEndpoint$SocketProcessor.doRun(NioEndpoint.java:1566)
	at org.apache.tomcat.util.net.NioEndpoint$SocketProcessor.run(NioEndpoint.java:1523)
	at java.util.concurrent.ThreadPoolExecutor.runWorker(ThreadPoolExecutor.java:1142)
	at java.util.concurrent.ThreadPoolExecutor$Worker.run(ThreadPoolExecutor.java:617)
	at org.apache.tomcat.util.threads.TaskThread$WrappingRunnable.run(TaskThread.java:61)
	at java.lang.Thread.run(Thread.java:745)

05-May-2017 09:37:34.554 SEVERE [http-nio-8080-exec-1] org.apache.catalina.core.StandardWrapperValve.invoke Servlet.service() for servlet [jsp] in context with path [/vide] threw exception [An exception occurred processing JSP page /jeu.jsp at line 42

39: %>
40: <p>					<a href="jeu.jsp?choix=P">Pile</a> ou	<a href="jeu.jsp?choix=F">Face</a> </p>
41: <%
42: 			h=choix.charAt(0);			
43: 			game.play(h);
44: %>
45: 			<p>vous avez joué : <%=game.getLastHumain()%> | ordi :<%=game.getLastOrdi()%></p>


Stacktrace:] with root cause
 java.lang.NullPointerException
	at org.apache.jsp.jeu_jsp._jspService(jeu_jsp.java:113)
	at org.apache.jasper.runtime.HttpJspBase.service(HttpJspBase.java:70)
	at javax.servlet.http.HttpServlet.service(HttpServlet.java:725)
	at org.apache.jasper.servlet.JspServletWrapper.service(JspServletWrapper.java:432)
	at org.apache.jasper.servlet.JspServlet.serviceJspFile(JspServlet.java:391)
	at org.apache.jasper.servlet.JspServlet.service(JspServlet.java:335)
	at javax.servlet.http.HttpServlet.service(HttpServlet.java:725)
	at org.apache.catalina.core.ApplicationFilterChain.internalDoFilter(ApplicationFilterChain.java:291)
	at org.apache.catalina.core.ApplicationFilterChain.doFilter(ApplicationFilterChain.java:206)
	at org.apache.tomcat.websocket.server.WsFilter.doFilter(WsFilter.java:52)
	at org.apache.catalina.core.ApplicationFilterChain.internalDoFilter(ApplicationFilterChain.java:239)
	at org.apache.catalina.core.ApplicationFilterChain.doFilter(ApplicationFilterChain.java:206)
	at org.apache.catalina.core.StandardWrapperValve.invoke(StandardWrapperValve.java:219)
	at org.apache.catalina.core.StandardContextValve.invoke(StandardContextValve.java:106)
	at org.apache.catalina.authenticator.AuthenticatorBase.invoke(AuthenticatorBase.java:505)
	at org.apache.catalina.core.StandardHostValve.invoke(StandardHostValve.java:142)
	at org.apache.catalina.valves.ErrorReportValve.invoke(ErrorReportValve.java:79)
	at org.apache.catalina.valves.AbstractAccessLogValve.invoke(AbstractAccessLogValve.java:610)
	at org.apache.catalina.core.StandardEngineValve.invoke(StandardEngineValve.java:88)
	at org.apache.catalina.connector.CoyoteAdapter.service(CoyoteAdapter.java:534)
	at org.apache.coyote.http11.AbstractHttp11Processor.process(AbstractHttp11Processor.java:1081)
	at org.apache.coyote.AbstractProtocol$AbstractConnectionHandler.process(AbstractProtocol.java:658)
	at org.apache.coyote.http11.Http11NioProtocol$Http11ConnectionHandler.process(Http11NioProtocol.java:222)
	at org.apache.tomcat.util.net.NioEndpoint$SocketProcessor.doRun(NioEndpoint.java:1566)
	at org.apache.tomcat.util.net.NioEndpoint$SocketProcessor.run(NioEndpoint.java:1523)
	at java.util.concurrent.ThreadPoolExecutor.runWorker(ThreadPoolExecutor.java:1142)
	at java.util.concurrent.ThreadPoolExecutor$Worker.run(ThreadPoolExecutor.java:617)
	at org.apache.tomcat.util.threads.TaskThread$WrappingRunnable.run(TaskThread.java:61)
	at java.lang.Thread.run(Thread.java:745)

05-May-2017 09:37:37.062 SEVERE [http-nio-8080-exec-2] org.apache.catalina.core.StandardWrapperValve.invoke Servlet.service() for servlet [jsp] in context with path [/vide] threw exception [An exception occurred processing JSP page /jeu.jsp at line 42

39: %>
40: <p>					<a href="jeu.jsp?choix=P">Pile</a> ou	<a href="jeu.jsp?choix=F">Face</a> </p>
41: <%
42: 			h=choix.charAt(0);			
43: 			game.play(h);
44: %>
45: 			<p>vous avez joué : <%=game.getLastHumain()%> | ordi :<%=game.getLastOrdi()%></p>


Stacktrace:] with root cause
 java.lang.NullPointerException
	at org.apache.jsp.jeu_jsp._jspService(jeu_jsp.java:113)
	at org.apache.jasper.runtime.HttpJspBase.service(HttpJspBase.java:70)
	at javax.servlet.http.HttpServlet.service(HttpServlet.java:725)
	at org.apache.jasper.servlet.JspServletWrapper.service(JspServletWrapper.java:432)
	at org.apache.jasper.servlet.JspServlet.serviceJspFile(JspServlet.java:391)
	at org.apache.jasper.servlet.JspServlet.service(JspServlet.java:335)
	at javax.servlet.http.HttpServlet.service(HttpServlet.java:725)
	at org.apache.catalina.core.ApplicationFilterChain.internalDoFilter(ApplicationFilterChain.java:291)
	at org.apache.catalina.core.ApplicationFilterChain.doFilter(ApplicationFilterChain.java:206)
	at org.apache.tomcat.websocket.server.WsFilter.doFilter(WsFilter.java:52)
	at org.apache.catalina.core.ApplicationFilterChain.internalDoFilter(ApplicationFilterChain.java:239)
	at org.apache.catalina.core.ApplicationFilterChain.doFilter(ApplicationFilterChain.java:206)
	at org.apache.catalina.core.StandardWrapperValve.invoke(StandardWrapperValve.java:219)
	at org.apache.catalina.core.StandardContextValve.invoke(StandardContextValve.java:106)
	at org.apache.catalina.authenticator.AuthenticatorBase.invoke(AuthenticatorBase.java:505)
	at org.apache.catalina.core.StandardHostValve.invoke(StandardHostValve.java:142)
	at org.apache.catalina.valves.ErrorReportValve.invoke(ErrorReportValve.java:79)
	at org.apache.catalina.valves.AbstractAccessLogValve.invoke(AbstractAccessLogValve.java:610)
	at org.apache.catalina.core.StandardEngineValve.invoke(StandardEngineValve.java:88)
	at org.apache.catalina.connector.CoyoteAdapter.service(CoyoteAdapter.java:534)
	at org.apache.coyote.http11.AbstractHttp11Processor.process(AbstractHttp11Processor.java:1081)
	at org.apache.coyote.AbstractProtocol$AbstractConnectionHandler.process(AbstractProtocol.java:658)
	at org.apache.coyote.http11.Http11NioProtocol$Http11ConnectionHandler.process(Http11NioProtocol.java:222)
	at org.apache.tomcat.util.net.NioEndpoint$SocketProcessor.doRun(NioEndpoint.java:1566)
	at org.apache.tomcat.util.net.NioEndpoint$SocketProcessor.run(NioEndpoint.java:1523)
	at java.util.concurrent.ThreadPoolExecutor.runWorker(ThreadPoolExecutor.java:1142)
	at java.util.concurrent.ThreadPoolExecutor$Worker.run(ThreadPoolExecutor.java:617)
	at org.apache.tomcat.util.threads.TaskThread$WrappingRunnable.run(TaskThread.java:61)
	at java.lang.Thread.run(Thread.java:745)

05-May-2017 09:38:52.417 SEVERE [http-nio-8080-exec-3] org.apache.catalina.core.StandardWrapperValve.invoke Servlet.service() for servlet [jsp] in context with path [/vide] threw exception [Impossible de compiler la classe pour la JSP: 

Une erreur s'est produite à la ligne: 37 dans le fichier jsp: /jeu.jsp
choix cannot be resolved to a variable
34: <%		
35: 
36: 
37: 		if(!game.termine()&&choix!=null){
38: 		String choix=request.getParameter("choix");
39: %>
40: <p>					<a href="jeu.jsp?choix=P">Pile</a> ou	<a href="jeu.jsp?choix=F">Face</a> </p>


Stacktrace:] with root cause
 org.apache.jasper.JasperException: Impossible de compiler la classe pour la JSP: 

Une erreur s'est produite à la ligne: 37 dans le fichier jsp: /jeu.jsp
choix cannot be resolved to a variable
34: <%		
35: 
36: 
37: 		if(!game.termine()&&choix!=null){
38: 		String choix=request.getParameter("choix");
39: %>
40: <p>					<a href="jeu.jsp?choix=P">Pile</a> ou	<a href="jeu.jsp?choix=F">Face</a> </p>


Stacktrace:
	at org.apache.jasper.compiler.DefaultErrorHandler.javacError(DefaultErrorHandler.java:103)
	at org.apache.jasper.compiler.ErrorDispatcher.javacError(ErrorDispatcher.java:199)
	at org.apache.jasper.compiler.JDTCompiler.generateClass(JDTCompiler.java:446)
	at org.apache.jasper.compiler.Compiler.compile(Compiler.java:361)
	at org.apache.jasper.compiler.Compiler.compile(Compiler.java:336)
	at org.apache.jasper.compiler.Compiler.compile(Compiler.java:323)
	at org.apache.jasper.JspCompilationContext.compile(JspCompilationContext.java:564)
	at org.apache.jasper.servlet.JspServletWrapper.service(JspServletWrapper.java:357)
	at org.apache.jasper.servlet.JspServlet.serviceJspFile(JspServlet.java:391)
	at org.apache.jasper.servlet.JspServlet.service(JspServlet.java:335)
	at javax.servlet.http.HttpServlet.service(HttpServlet.java:725)
	at org.apache.catalina.core.ApplicationFilterChain.internalDoFilter(ApplicationFilterChain.java:291)
	at org.apache.catalina.core.ApplicationFilterChain.doFilter(ApplicationFilterChain.java:206)
	at org.apache.tomcat.websocket.server.WsFilter.doFilter(WsFilter.java:52)
	at org.apache.catalina.core.ApplicationFilterChain.internalDoFilter(ApplicationFilterChain.java:239)
	at org.apache.catalina.core.ApplicationFilterChain.doFilter(ApplicationFilterChain.java:206)
	at org.apache.catalina.core.StandardWrapperValve.invoke(StandardWrapperValve.java:219)
	at org.apache.catalina.core.StandardContextValve.invoke(StandardContextValve.java:106)
	at org.apache.catalina.authenticator.AuthenticatorBase.invoke(AuthenticatorBase.java:505)
	at org.apache.catalina.core.StandardHostValve.invoke(StandardHostValve.java:142)
	at org.apache.catalina.valves.ErrorReportValve.invoke(ErrorReportValve.java:79)
	at org.apache.catalina.valves.AbstractAccessLogValve.invoke(AbstractAccessLogValve.java:610)
	at org.apache.catalina.core.StandardEngineValve.invoke(StandardEngineValve.java:88)
	at org.apache.catalina.connector.CoyoteAdapter.service(CoyoteAdapter.java:534)
	at org.apache.coyote.http11.AbstractHttp11Processor.process(AbstractHttp11Processor.java:1081)
	at org.apache.coyote.AbstractProtocol$AbstractConnectionHandler.process(AbstractProtocol.java:658)
	at org.apache.coyote.http11.Http11NioProtocol$Http11ConnectionHandler.process(Http11NioProtocol.java:222)
	at org.apache.tomcat.util.net.NioEndpoint$SocketProcessor.doRun(NioEndpoint.java:1566)
	at org.apache.tomcat.util.net.NioEndpoint$SocketProcessor.run(NioEndpoint.java:1523)
	at java.util.concurrent.ThreadPoolExecutor.runWorker(ThreadPoolExecutor.java:1142)
	at java.util.concurrent.ThreadPoolExecutor$Worker.run(ThreadPoolExecutor.java:617)
	at org.apache.tomcat.util.threads.TaskThread$WrappingRunnable.run(TaskThread.java:61)
	at java.lang.Thread.run(Thread.java:745)

05-May-2017 09:39:05.036 SEVERE [http-nio-8080-exec-4] org.apache.catalina.core.StandardWrapperValve.invoke Servlet.service() for servlet [jsp] in context with path [/vide] threw exception [Impossible de compiler la classe pour la JSP: 

Une erreur s'est produite à la ligne: 37 dans le fichier jsp: /jeu.jsp
choix cannot be resolved to a variable
34: <%		
35: 
36: 
37: 		if(!game.termine()&&choix!=null){
38: 		String choix=request.getParameter("choix");
39: %>
40: <p>					<a href="jeu.jsp?choix=P">Pile</a> ou	<a href="jeu.jsp?choix=F">Face</a> </p>


Stacktrace:] with root cause
 org.apache.jasper.JasperException: Impossible de compiler la classe pour la JSP: 

Une erreur s'est produite à la ligne: 37 dans le fichier jsp: /jeu.jsp
choix cannot be resolved to a variable
34: <%		
35: 
36: 
37: 		if(!game.termine()&&choix!=null){
38: 		String choix=request.getParameter("choix");
39: %>
40: <p>					<a href="jeu.jsp?choix=P">Pile</a> ou	<a href="jeu.jsp?choix=F">Face</a> </p>


Stacktrace:
	at org.apache.jasper.compiler.DefaultErrorHandler.javacError(DefaultErrorHandler.java:103)
	at org.apache.jasper.compiler.ErrorDispatcher.javacError(ErrorDispatcher.java:199)
	at org.apache.jasper.compiler.JDTCompiler.generateClass(JDTCompiler.java:446)
	at org.apache.jasper.compiler.Compiler.compile(Compiler.java:361)
	at org.apache.jasper.compiler.Compiler.compile(Compiler.java:336)
	at org.apache.jasper.compiler.Compiler.compile(Compiler.java:323)
	at org.apache.jasper.JspCompilationContext.compile(JspCompilationContext.java:564)
	at org.apache.jasper.servlet.JspServletWrapper.service(JspServletWrapper.java:357)
	at org.apache.jasper.servlet.JspServlet.serviceJspFile(JspServlet.java:391)
	at org.apache.jasper.servlet.JspServlet.service(JspServlet.java:335)
	at javax.servlet.http.HttpServlet.service(HttpServlet.java:725)
	at org.apache.catalina.core.ApplicationFilterChain.internalDoFilter(ApplicationFilterChain.java:291)
	at org.apache.catalina.core.ApplicationFilterChain.doFilter(ApplicationFilterChain.java:206)
	at org.apache.tomcat.websocket.server.WsFilter.doFilter(WsFilter.java:52)
	at org.apache.catalina.core.ApplicationFilterChain.internalDoFilter(ApplicationFilterChain.java:239)
	at org.apache.catalina.core.ApplicationFilterChain.doFilter(ApplicationFilterChain.java:206)
	at org.apache.catalina.core.StandardWrapperValve.invoke(StandardWrapperValve.java:219)
	at org.apache.catalina.core.StandardContextValve.invoke(StandardContextValve.java:106)
	at org.apache.catalina.authenticator.AuthenticatorBase.invoke(AuthenticatorBase.java:505)
	at org.apache.catalina.core.StandardHostValve.invoke(StandardHostValve.java:142)
	at org.apache.catalina.valves.ErrorReportValve.invoke(ErrorReportValve.java:79)
	at org.apache.catalina.valves.AbstractAccessLogValve.invoke(AbstractAccessLogValve.java:610)
	at org.apache.catalina.core.StandardEngineValve.invoke(StandardEngineValve.java:88)
	at org.apache.catalina.connector.CoyoteAdapter.service(CoyoteAdapter.java:534)
	at org.apache.coyote.http11.AbstractHttp11Processor.process(AbstractHttp11Processor.java:1081)
	at org.apache.coyote.AbstractProtocol$AbstractConnectionHandler.process(AbstractProtocol.java:658)
	at org.apache.coyote.http11.Http11NioProtocol$Http11ConnectionHandler.process(Http11NioProtocol.java:222)
	at org.apache.tomcat.util.net.NioEndpoint$SocketProcessor.doRun(NioEndpoint.java:1566)
	at org.apache.tomcat.util.net.NioEndpoint$SocketProcessor.run(NioEndpoint.java:1523)
	at java.util.concurrent.ThreadPoolExecutor.runWorker(ThreadPoolExecutor.java:1142)
	at java.util.concurrent.ThreadPoolExecutor$Worker.run(ThreadPoolExecutor.java:617)
	at org.apache.tomcat.util.threads.TaskThread$WrappingRunnable.run(TaskThread.java:61)
	at java.lang.Thread.run(Thread.java:745)

05-May-2017 09:46:45.794 SEVERE [http-nio-8080-exec-1] org.apache.catalina.core.StandardWrapperValve.invoke Servlet.service() for servlet [jsp] in context with path [/vide] threw exception [java.lang.ArrayIndexOutOfBoundsException] with root cause
 java.lang.ArrayIndexOutOfBoundsException

05-May-2017 09:47:37.817 SEVERE [http-nio-8080-exec-2] org.apache.catalina.core.StandardWrapperValve.invoke Servlet.service() for servlet [jsp] in context with path [/vide] threw exception [java.lang.ArrayIndexOutOfBoundsException] with root cause
 java.lang.ArrayIndexOutOfBoundsException

05-May-2017 09:47:38.264 SEVERE [http-nio-8080-exec-3] org.apache.catalina.core.StandardWrapperValve.invoke Servlet.service() for servlet [jsp] in context with path [/vide] threw exception [java.lang.ArrayIndexOutOfBoundsException] with root cause
 java.lang.ArrayIndexOutOfBoundsException

05-May-2017 09:47:38.487 SEVERE [http-nio-8080-exec-4] org.apache.catalina.core.StandardWrapperValve.invoke Servlet.service() for servlet [jsp] in context with path [/vide] threw exception [java.lang.ArrayIndexOutOfBoundsException] with root cause
 java.lang.ArrayIndexOutOfBoundsException

05-May-2017 09:47:38.687 SEVERE [http-nio-8080-exec-5] org.apache.catalina.core.StandardWrapperValve.invoke Servlet.service() for servlet [jsp] in context with path [/vide] threw exception [java.lang.ArrayIndexOutOfBoundsException] with root cause
 java.lang.ArrayIndexOutOfBoundsException

05-May-2017 09:47:38.887 SEVERE [http-nio-8080-exec-6] org.apache.catalina.core.StandardWrapperValve.invoke Servlet.service() for servlet [jsp] in context with path [/vide] threw exception [java.lang.ArrayIndexOutOfBoundsException] with root cause
 java.lang.ArrayIndexOutOfBoundsException

05-May-2017 09:47:39.065 SEVERE [http-nio-8080-exec-7] org.apache.catalina.core.StandardWrapperValve.invoke Servlet.service() for servlet [jsp] in context with path [/vide] threw exception [java.lang.ArrayIndexOutOfBoundsException] with root cause
 java.lang.ArrayIndexOutOfBoundsException

05-May-2017 09:47:41.186 SEVERE [http-nio-8080-exec-8] org.apache.catalina.core.StandardWrapperValve.invoke Servlet.service() for servlet [jsp] in context with path [/vide] threw exception [java.lang.ArrayIndexOutOfBoundsException] with root cause
 java.lang.ArrayIndexOutOfBoundsException

